Building DAG of jobs...
Using shell: /bin/bash
Provided cores: 24
Rules claiming more threads will be scaled down.
Job stats:
job              count    min threads    max threads
-------------  -------  -------------  -------------
all                  1              1              1
parse_results        1              1              1
total                2              1              1

Select jobs to execute...

[Wed Aug  2 10:52:20 2023]
rule parse_results:
    output: ../../results/09_species_phylogeny_aminoGC/aminoGC_high/orthogroups.txt, ../../results/09_species_phylogeny_aminoGC/aminoGC_low/orthogroups.txt, ../../results/09_species_phylogeny_aminoGC/aminoGC.tsv
    jobid: 1
    reason: Missing output files: ../../results/09_species_phylogeny_aminoGC/aminoGC.tsv, ../../results/09_species_phylogeny_aminoGC/aminoGC_low/orthogroups.txt, ../../results/09_species_phylogeny_aminoGC/aminoGC_high/orthogroups.txt
    resources: tmpdir=/tmp

[Wed Aug  2 10:52:21 2023]
Finished job 1.
1 of 2 steps (50%) done
Select jobs to execute...

[Wed Aug  2 10:52:21 2023]
localrule all:
    input: ../../results/09_species_phylogeny_aminoGC/aminoGC_low/orthogroups.txt, ../../results/09_species_phylogeny_aminoGC/aminoGC_high/orthogroups.txt, ../../results/09_species_phylogeny_aminoGC/aminoGC.tsv
    jobid: 0
    reason: Input files updated by another job: ../../results/09_species_phylogeny_aminoGC/aminoGC.tsv, ../../results/09_species_phylogeny_aminoGC/aminoGC_high/orthogroups.txt, ../../results/09_species_phylogeny_aminoGC/aminoGC_low/orthogroups.txt
    resources: tmpdir=/tmp

[Wed Aug  2 10:52:21 2023]
Finished job 0.
2 of 2 steps (100%) done
Complete log: .snakemake/log/2023-08-02T105220.095055.snakemake.log
