Building DAG of jobs...
Your conda installation is not configured to use strict channel priorities. This is however crucial for having robust and correct environments (for details, see https://conda-forge.org/docs/user/tipsandtricks.html). Please consider to configure strict priorities by executing 'conda config --set channel_priority strict'.
Creating conda environment ../envs/alignment_prune.yaml...
Downloading and installing remote packages.
Environment for /data/emil/uabimicrobium_paper/scripts/09-species-phylogeny-aminoGC/../envs/alignment_prune.yaml created (location: ../conda-envs/700127768fcc9e2970b58b3c8b121fbe_)
Using shell: /bin/bash
Provided cores: 24
Rules claiming more threads will be scaled down.
Job stats:
job                  count    min threads    max threads
-----------------  -------  -------------  -------------
alignment_aminogc      114              1              1
all                      1              1              1
parse_results            1              1              1
total                  116              1              1

Select jobs to execute...

[Wed Aug  2 10:19:06 2023]
rule alignment_aminogc:
    input: ../../results/07_align_sco/alignments/OG0000735.aln
    output: ../../results/09_species_phylogeny_aminoGC/alignment_pruner/alignments/OG0000735.tsv
    jobid: 45
    reason: Missing output files: ../../results/09_species_phylogeny_aminoGC/alignment_pruner/alignments/OG0000735.tsv
    wildcards: orthogroup=OG0000735
    resources: tmpdir=/tmp

Activating conda environment: ../conda-envs/700127768fcc9e2970b58b3c8b121fbe_

[Wed Aug  2 10:19:06 2023]
rule alignment_aminogc:
    input: ../../results/07_align_sco/alignments/OG0000677.aln
    output: ../../results/09_species_phylogeny_aminoGC/alignment_pruner/alignments/OG0000677.tsv
    jobid: 31
    reason: Missing output files: ../../results/09_species_phylogeny_aminoGC/alignment_pruner/alignments/OG0000677.tsv
    wildcards: orthogroup=OG0000677
    resources: tmpdir=/tmp

Activating conda environment: ../conda-envs/700127768fcc9e2970b58b3c8b121fbe_

[Wed Aug  2 10:19:06 2023]
rule alignment_aminogc:
    input: ../../results/07_align_sco/alignments/OG0000627.aln
    output: ../../results/09_species_phylogeny_aminoGC/alignment_pruner/alignments/OG0000627.tsv
    jobid: 59
    reason: Missing output files: ../../results/09_species_phylogeny_aminoGC/alignment_pruner/alignments/OG0000627.tsv
    wildcards: orthogroup=OG0000627
    resources: tmpdir=/tmp

Activating conda environment: ../conda-envs/700127768fcc9e2970b58b3c8b121fbe_

[Wed Aug  2 10:19:06 2023]
rule alignment_aminogc:
    input: ../../results/07_align_sco/alignments/OG0000688.aln
    output: ../../results/09_species_phylogeny_aminoGC/alignment_pruner/alignments/OG0000688.tsv
    jobid: 73
    reason: Missing output files: ../../results/09_species_phylogeny_aminoGC/alignment_pruner/alignments/OG0000688.tsv
    wildcards: orthogroup=OG0000688
    resources: tmpdir=/tmp

Activating conda environment: ../conda-envs/700127768fcc9e2970b58b3c8b121fbe_

[Wed Aug  2 10:19:06 2023]
rule alignment_aminogc:
    input: ../../results/07_align_sco/alignments/OG0000638.aln
    output: ../../results/09_species_phylogeny_aminoGC/alignment_pruner/alignments/OG0000638.tsv
    jobid: 17
    reason: Missing output files: ../../results/09_species_phylogeny_aminoGC/alignment_pruner/alignments/OG0000638.tsv
    wildcards: orthogroup=OG0000638
    resources: tmpdir=/tmp

Activating conda environment: ../conda-envs/700127768fcc9e2970b58b3c8b121fbe_

[Wed Aug  2 10:19:06 2023]
rule alignment_aminogc:
    input: ../../results/07_align_sco/alignments/OG0000711.aln
    output: ../../results/09_species_phylogeny_aminoGC/alignment_pruner/alignments/OG0000711.tsv
    jobid: 87
    reason: Missing output files: ../../results/09_species_phylogeny_aminoGC/alignment_pruner/alignments/OG0000711.tsv
    wildcards: orthogroup=OG0000711
    resources: tmpdir=/tmp

Activating conda environment: ../conda-envs/700127768fcc9e2970b58b3c8b121fbe_

[Wed Aug  2 10:19:06 2023]
rule alignment_aminogc:
    input: ../../results/07_align_sco/alignments/OG0000750.aln
    output: ../../results/09_species_phylogeny_aminoGC/alignment_pruner/alignments/OG0000750.tsv
    jobid: 101
    reason: Missing output files: ../../results/09_species_phylogeny_aminoGC/alignment_pruner/alignments/OG0000750.tsv
    wildcards: orthogroup=OG0000750
    resources: tmpdir=/tmp

Activating conda environment: ../conda-envs/700127768fcc9e2970b58b3c8b121fbe_

[Wed Aug  2 10:19:06 2023]
rule alignment_aminogc:
    input: ../../results/07_align_sco/alignments/OG0000717.aln
    output: ../../results/09_species_phylogeny_aminoGC/alignment_pruner/alignments/OG0000717.tsv
    jobid: 115
    reason: Missing output files: ../../results/09_species_phylogeny_aminoGC/alignment_pruner/alignments/OG0000717.tsv
    wildcards: orthogroup=OG0000717
    resources: tmpdir=/tmp

Activating conda environment: ../conda-envs/700127768fcc9e2970b58b3c8b121fbe_

[Wed Aug  2 10:19:06 2023]
rule alignment_aminogc:
    input: ../../results/07_align_sco/alignments/OG0000648.aln
    output: ../../results/09_species_phylogeny_aminoGC/alignment_pruner/alignments/OG0000648.tsv
    jobid: 60
    reason: Missing output files: ../../results/09_species_phylogeny_aminoGC/alignment_pruner/alignments/OG0000648.tsv
    wildcards: orthogroup=OG0000648
    resources: tmpdir=/tmp

Activating conda environment: ../conda-envs/700127768fcc9e2970b58b3c8b121fbe_

[Wed Aug  2 10:19:06 2023]
rule alignment_aminogc:
    input: ../../results/07_align_sco/alignments/OG0000723.aln
    output: ../../results/09_species_phylogeny_aminoGC/alignment_pruner/alignments/OG0000723.tsv
    jobid: 74
    reason: Missing output files: ../../results/09_species_phylogeny_aminoGC/alignment_pruner/alignments/OG0000723.tsv
    wildcards: orthogroup=OG0000723
    resources: tmpdir=/tmp

Activating conda environment: ../conda-envs/700127768fcc9e2970b58b3c8b121fbe_

[Wed Aug  2 10:19:06 2023]
rule alignment_aminogc:
    input: ../../results/07_align_sco/alignments/OG0000641.aln
    output: ../../results/09_species_phylogeny_aminoGC/alignment_pruner/alignments/OG0000641.tsv
    jobid: 102
    reason: Missing output files: ../../results/09_species_phylogeny_aminoGC/alignment_pruner/alignments/OG0000641.tsv
    wildcards: orthogroup=OG0000641
    resources: tmpdir=/tmp

Activating conda environment: ../conda-envs/700127768fcc9e2970b58b3c8b121fbe_

[Wed Aug  2 10:19:06 2023]
rule alignment_aminogc:
    input: ../../results/07_align_sco/alignments/OG0000642.aln
    output: ../../results/09_species_phylogeny_aminoGC/alignment_pruner/alignments/OG0000642.tsv
    jobid: 32
    reason: Missing output files: ../../results/09_species_phylogeny_aminoGC/alignment_pruner/alignments/OG0000642.tsv
    wildcards: orthogroup=OG0000642
    resources: tmpdir=/tmp

Activating conda environment: ../conda-envs/700127768fcc9e2970b58b3c8b121fbe_

[Wed Aug  2 10:19:06 2023]
rule alignment_aminogc:
    input: ../../results/07_align_sco/alignments/OG0000667.aln
    output: ../../results/09_species_phylogeny_aminoGC/alignment_pruner/alignments/OG0000667.tsv
    jobid: 88
    reason: Missing output files: ../../results/09_species_phylogeny_aminoGC/alignment_pruner/alignments/OG0000667.tsv
    wildcards: orthogroup=OG0000667
    resources: tmpdir=/tmp

Activating conda environment: ../conda-envs/700127768fcc9e2970b58b3c8b121fbe_

[Wed Aug  2 10:19:06 2023]
rule alignment_aminogc:
    input: ../../results/07_align_sco/alignments/OG0000690.aln
    output: ../../results/09_species_phylogeny_aminoGC/alignment_pruner/alignments/OG0000690.tsv
    jobid: 61
    reason: Missing output files: ../../results/09_species_phylogeny_aminoGC/alignment_pruner/alignments/OG0000690.tsv
    wildcards: orthogroup=OG0000690
    resources: tmpdir=/tmp

Activating conda environment: ../conda-envs/700127768fcc9e2970b58b3c8b121fbe_

[Wed Aug  2 10:19:06 2023]
rule alignment_aminogc:
    input: ../../results/07_align_sco/alignments/OG0000712.aln
    output: ../../results/09_species_phylogeny_aminoGC/alignment_pruner/alignments/OG0000712.tsv
    jobid: 75
    reason: Missing output files: ../../results/09_species_phylogeny_aminoGC/alignment_pruner/alignments/OG0000712.tsv
    wildcards: orthogroup=OG0000712
    resources: tmpdir=/tmp

Activating conda environment: ../conda-envs/700127768fcc9e2970b58b3c8b121fbe_

[Wed Aug  2 10:19:06 2023]
rule alignment_aminogc:
    input: ../../results/07_align_sco/alignments/OG0000783.aln
    output: ../../results/09_species_phylogeny_aminoGC/alignment_pruner/alignments/OG0000783.tsv
    jobid: 103
    reason: Missing output files: ../../results/09_species_phylogeny_aminoGC/alignment_pruner/alignments/OG0000783.tsv
    wildcards: orthogroup=OG0000783
    resources: tmpdir=/tmp

Activating conda environment: ../conda-envs/700127768fcc9e2970b58b3c8b121fbe_

[Wed Aug  2 10:19:06 2023]
rule alignment_aminogc:
    input: ../../results/07_align_sco/alignments/OG0000710.aln
    output: ../../results/09_species_phylogeny_aminoGC/alignment_pruner/alignments/OG0000710.tsv
    jobid: 33
    reason: Missing output files: ../../results/09_species_phylogeny_aminoGC/alignment_pruner/alignments/OG0000710.tsv
    wildcards: orthogroup=OG0000710
    resources: tmpdir=/tmp

Activating conda environment: ../conda-envs/700127768fcc9e2970b58b3c8b121fbe_

[Wed Aug  2 10:19:06 2023]
rule alignment_aminogc:
    input: ../../results/07_align_sco/alignments/OG0000672.aln
    output: ../../results/09_species_phylogeny_aminoGC/alignment_pruner/alignments/OG0000672.tsv
    jobid: 89
    reason: Missing output files: ../../results/09_species_phylogeny_aminoGC/alignment_pruner/alignments/OG0000672.tsv
    wildcards: orthogroup=OG0000672
    resources: tmpdir=/tmp

Activating conda environment: ../conda-envs/700127768fcc9e2970b58b3c8b121fbe_

[Wed Aug  2 10:19:06 2023]
rule alignment_aminogc:
    input: ../../results/07_align_sco/alignments/OG0000739.aln
    output: ../../results/09_species_phylogeny_aminoGC/alignment_pruner/alignments/OG0000739.tsv
    jobid: 104
    reason: Missing output files: ../../results/09_species_phylogeny_aminoGC/alignment_pruner/alignments/OG0000739.tsv
    wildcards: orthogroup=OG0000739
    resources: tmpdir=/tmp

Activating conda environment: ../conda-envs/700127768fcc9e2970b58b3c8b121fbe_

[Wed Aug  2 10:19:06 2023]
rule alignment_aminogc:
    input: ../../results/07_align_sco/alignments/OG0000810.aln
    output: ../../results/09_species_phylogeny_aminoGC/alignment_pruner/alignments/OG0000810.tsv
    jobid: 34
    reason: Missing output files: ../../results/09_species_phylogeny_aminoGC/alignment_pruner/alignments/OG0000810.tsv
    wildcards: orthogroup=OG0000810
    resources: tmpdir=/tmp

Activating conda environment: ../conda-envs/700127768fcc9e2970b58b3c8b121fbe_

[Wed Aug  2 10:19:06 2023]
rule alignment_aminogc:
    input: ../../results/07_align_sco/alignments/OG0000654.aln
    output: ../../results/09_species_phylogeny_aminoGC/alignment_pruner/alignments/OG0000654.tsv
    jobid: 62
    reason: Missing output files: ../../results/09_species_phylogeny_aminoGC/alignment_pruner/alignments/OG0000654.tsv
    wildcards: orthogroup=OG0000654
    resources: tmpdir=/tmp

Activating conda environment: ../conda-envs/700127768fcc9e2970b58b3c8b121fbe_

[Wed Aug  2 10:19:06 2023]
rule alignment_aminogc:
    input: ../../results/07_align_sco/alignments/OG0000718.aln
    output: ../../results/09_species_phylogeny_aminoGC/alignment_pruner/alignments/OG0000718.tsv
    jobid: 76
    reason: Missing output files: ../../results/09_species_phylogeny_aminoGC/alignment_pruner/alignments/OG0000718.tsv
    wildcards: orthogroup=OG0000718
    resources: tmpdir=/tmp

Activating conda environment: ../conda-envs/700127768fcc9e2970b58b3c8b121fbe_

[Wed Aug  2 10:19:06 2023]
rule alignment_aminogc:
    input: ../../results/07_align_sco/alignments/OG0000787.aln
    output: ../../results/09_species_phylogeny_aminoGC/alignment_pruner/alignments/OG0000787.tsv
    jobid: 90
    reason: Missing output files: ../../results/09_species_phylogeny_aminoGC/alignment_pruner/alignments/OG0000787.tsv
    wildcards: orthogroup=OG0000787
    resources: tmpdir=/tmp

Activating conda environment: ../conda-envs/700127768fcc9e2970b58b3c8b121fbe_

[Wed Aug  2 10:19:06 2023]
rule alignment_aminogc:
    input: ../../results/07_align_sco/alignments/OG0000628.aln
    output: ../../results/09_species_phylogeny_aminoGC/alignment_pruner/alignments/OG0000628.tsv
    jobid: 35
    reason: Missing output files: ../../results/09_species_phylogeny_aminoGC/alignment_pruner/alignments/OG0000628.tsv
    wildcards: orthogroup=OG0000628
    resources: tmpdir=/tmp

Activating conda environment: ../conda-envs/700127768fcc9e2970b58b3c8b121fbe_
[Wed Aug  2 10:19:08 2023]
Error in rule alignment_aminogc:
    jobid: 104
    input: ../../results/07_align_sco/alignments/OG0000739.aln
    output: ../../results/09_species_phylogeny_aminoGC/alignment_pruner/alignments/OG0000739.tsv
    conda-env: /data/emil/uabimicrobium_paper/scripts/conda-envs/700127768fcc9e2970b58b3c8b121fbe_
    shell:
        perl alignment_pruner.pl --file ../../results/07_align_sco/alignments/OG0000739.aln --aminogc > ../../results/09_species_phylogeny_aminoGC/alignment_pruner/alignments/OG0000739.tsv
        (one of the commands exited with non-zero exit code; note that snakemake uses bash strict mode!)

[Wed Aug  2 10:19:08 2023]
[Wed Aug  2 10:19:08 2023]
Removing output files of failed job alignment_aminogc since they might be corrupted:
../../results/09_species_phylogeny_aminoGC/alignment_pruner/alignments/OG0000739.tsv
[Wed Aug  2 10:19:08 2023]
Error in rule alignment_aminogc:
    jobid: 88
    input: ../../results/07_align_sco/alignments/OG0000667.aln
    output: ../../results/09_species_phylogeny_aminoGC/alignment_pruner/alignments/OG0000667.tsv
    conda-env: /data/emil/uabimicrobium_paper/scripts/conda-envs/700127768fcc9e2970b58b3c8b121fbe_
    shell:
        perl alignment_pruner.pl --file ../../results/07_align_sco/alignments/OG0000667.aln --aminogc > ../../results/09_species_phylogeny_aminoGC/alignment_pruner/alignments/OG0000667.tsv
        (one of the commands exited with non-zero exit code; note that snakemake uses bash strict mode!)

[Wed Aug  2 10:19:08 2023]
[Wed Aug  2 10:19:08 2023]
[Wed Aug  2 10:19:08 2023]
[Wed Aug  2 10:19:08 2023]
Error in rule alignment_aminogc:
    jobid: 17
    input: ../../results/07_align_sco/alignments/OG0000638.aln
    output: ../../results/09_species_phylogeny_aminoGC/alignment_pruner/alignments/OG0000638.tsv
    conda-env: /data/emil/uabimicrobium_paper/scripts/conda-envs/700127768fcc9e2970b58b3c8b121fbe_
    shell:
        perl alignment_pruner.pl --file ../../results/07_align_sco/alignments/OG0000638.aln --aminogc > ../../results/09_species_phylogeny_aminoGC/alignment_pruner/alignments/OG0000638.tsv
        (one of the commands exited with non-zero exit code; note that snakemake uses bash strict mode!)

[Wed Aug  2 10:19:08 2023]
[Wed Aug  2 10:19:08 2023]
Error in rule alignment_aminogc:
    jobid: 60
    input: ../../results/07_align_sco/alignments/OG0000648.aln
    output: ../../results/09_species_phylogeny_aminoGC/alignment_pruner/alignments/OG0000648.tsv
    conda-env: /data/emil/uabimicrobium_paper/scripts/conda-envs/700127768fcc9e2970b58b3c8b121fbe_
    shell:
        perl alignment_pruner.pl --file ../../results/07_align_sco/alignments/OG0000648.aln --aminogc > ../../results/09_species_phylogeny_aminoGC/alignment_pruner/alignments/OG0000648.tsv
        (one of the commands exited with non-zero exit code; note that snakemake uses bash strict mode!)

[Wed Aug  2 10:19:08 2023]
[Wed Aug  2 10:19:08 2023]
[Wed Aug  2 10:19:08 2023]
[Wed Aug  2 10:19:08 2023]
[Wed Aug  2 10:19:08 2023]
Removing output files of failed job alignment_aminogc since they might be corrupted:
../../results/09_species_phylogeny_aminoGC/alignment_pruner/alignments/OG0000667.tsv
[Wed Aug  2 10:19:08 2023]
Error in rule alignment_aminogc:
    jobid: 89
    input: ../../results/07_align_sco/alignments/OG0000672.aln
    output: ../../results/09_species_phylogeny_aminoGC/alignment_pruner/alignments/OG0000672.tsv
    conda-env: /data/emil/uabimicrobium_paper/scripts/conda-envs/700127768fcc9e2970b58b3c8b121fbe_
    shell:
        perl alignment_pruner.pl --file ../../results/07_align_sco/alignments/OG0000672.aln --aminogc > ../../results/09_species_phylogeny_aminoGC/alignment_pruner/alignments/OG0000672.tsv
        (one of the commands exited with non-zero exit code; note that snakemake uses bash strict mode!)

[Wed Aug  2 10:19:08 2023]
[Wed Aug  2 10:19:08 2023]
[Wed Aug  2 10:19:08 2023]
[Wed Aug  2 10:19:08 2023]
Error in rule alignment_aminogc:
    jobid: 61
    input: ../../results/07_align_sco/alignments/OG0000690.aln
    output: ../../results/09_species_phylogeny_aminoGC/alignment_pruner/alignments/OG0000690.tsv
    conda-env: /data/emil/uabimicrobium_paper/scripts/conda-envs/700127768fcc9e2970b58b3c8b121fbe_
    shell:
        perl alignment_pruner.pl --file ../../results/07_align_sco/alignments/OG0000690.aln --aminogc > ../../results/09_species_phylogeny_aminoGC/alignment_pruner/alignments/OG0000690.tsv
        (one of the commands exited with non-zero exit code; note that snakemake uses bash strict mode!)

[Wed Aug  2 10:19:08 2023]
[Wed Aug  2 10:19:08 2023]
Error in rule alignment_aminogc:
    jobid: 31
    input: ../../results/07_align_sco/alignments/OG0000677.aln
    output: ../../results/09_species_phylogeny_aminoGC/alignment_pruner/alignments/OG0000677.tsv
    conda-env: /data/emil/uabimicrobium_paper/scripts/conda-envs/700127768fcc9e2970b58b3c8b121fbe_
    shell:
        perl alignment_pruner.pl --file ../../results/07_align_sco/alignments/OG0000677.aln --aminogc > ../../results/09_species_phylogeny_aminoGC/alignment_pruner/alignments/OG0000677.tsv
        (one of the commands exited with non-zero exit code; note that snakemake uses bash strict mode!)

[Wed Aug  2 10:19:08 2023]
Error in rule alignment_aminogc:
    jobid: 75
    input: ../../results/07_align_sco/alignments/OG0000712.aln
    output: ../../results/09_species_phylogeny_aminoGC/alignment_pruner/alignments/OG0000712.tsv
    conda-env: /data/emil/uabimicrobium_paper/scripts/conda-envs/700127768fcc9e2970b58b3c8b121fbe_
    shell:
        perl alignment_pruner.pl --file ../../results/07_align_sco/alignments/OG0000712.aln --aminogc > ../../results/09_species_phylogeny_aminoGC/alignment_pruner/alignments/OG0000712.tsv
        (one of the commands exited with non-zero exit code; note that snakemake uses bash strict mode!)

[Wed Aug  2 10:19:08 2023]
Error in rule alignment_aminogc:
    jobid: 34
    input: ../../results/07_align_sco/alignments/OG0000810.aln
    output: ../../results/09_species_phylogeny_aminoGC/alignment_pruner/alignments/OG0000810.tsv
    conda-env: /data/emil/uabimicrobium_paper/scripts/conda-envs/700127768fcc9e2970b58b3c8b121fbe_
    shell:
        perl alignment_pruner.pl --file ../../results/07_align_sco/alignments/OG0000810.aln --aminogc > ../../results/09_species_phylogeny_aminoGC/alignment_pruner/alignments/OG0000810.tsv
        (one of the commands exited with non-zero exit code; note that snakemake uses bash strict mode!)

Error in rule alignment_aminogc:
    jobid: 103
    input: ../../results/07_align_sco/alignments/OG0000783.aln
    output: ../../results/09_species_phylogeny_aminoGC/alignment_pruner/alignments/OG0000783.tsv
    conda-env: /data/emil/uabimicrobium_paper/scripts/conda-envs/700127768fcc9e2970b58b3c8b121fbe_
    shell:
        perl alignment_pruner.pl --file ../../results/07_align_sco/alignments/OG0000783.aln --aminogc > ../../results/09_species_phylogeny_aminoGC/alignment_pruner/alignments/OG0000783.tsv
        (one of the commands exited with non-zero exit code; note that snakemake uses bash strict mode!)

Error in rule alignment_aminogc:
    jobid: 74
    input: ../../results/07_align_sco/alignments/OG0000723.aln
    output: ../../results/09_species_phylogeny_aminoGC/alignment_pruner/alignments/OG0000723.tsv
    conda-env: /data/emil/uabimicrobium_paper/scripts/conda-envs/700127768fcc9e2970b58b3c8b121fbe_
    shell:
        perl alignment_pruner.pl --file ../../results/07_align_sco/alignments/OG0000723.aln --aminogc > ../../results/09_species_phylogeny_aminoGC/alignment_pruner/alignments/OG0000723.tsv
        (one of the commands exited with non-zero exit code; note that snakemake uses bash strict mode!)

Error in rule alignment_aminogc:
    jobid: 45
    input: ../../results/07_align_sco/alignments/OG0000735.aln
    output: ../../results/09_species_phylogeny_aminoGC/alignment_pruner/alignments/OG0000735.tsv
    conda-env: /data/emil/uabimicrobium_paper/scripts/conda-envs/700127768fcc9e2970b58b3c8b121fbe_
    shell:
        perl alignment_pruner.pl --file ../../results/07_align_sco/alignments/OG0000735.aln --aminogc > ../../results/09_species_phylogeny_aminoGC/alignment_pruner/alignments/OG0000735.tsv
        (one of the commands exited with non-zero exit code; note that snakemake uses bash strict mode!)

Error in rule alignment_aminogc:
    jobid: 115
    input: ../../results/07_align_sco/alignments/OG0000717.aln
    output: ../../results/09_species_phylogeny_aminoGC/alignment_pruner/alignments/OG0000717.tsv
    conda-env: /data/emil/uabimicrobium_paper/scripts/conda-envs/700127768fcc9e2970b58b3c8b121fbe_
    shell:
        perl alignment_pruner.pl --file ../../results/07_align_sco/alignments/OG0000717.aln --aminogc > ../../results/09_species_phylogeny_aminoGC/alignment_pruner/alignments/OG0000717.tsv
        (one of the commands exited with non-zero exit code; note that snakemake uses bash strict mode!)

Error in rule alignment_aminogc:
    jobid: 73
    input: ../../results/07_align_sco/alignments/OG0000688.aln
    output: ../../results/09_species_phylogeny_aminoGC/alignment_pruner/alignments/OG0000688.tsv
    conda-env: /data/emil/uabimicrobium_paper/scripts/conda-envs/700127768fcc9e2970b58b3c8b121fbe_
    shell:
        perl alignment_pruner.pl --file ../../results/07_align_sco/alignments/OG0000688.aln --aminogc > ../../results/09_species_phylogeny_aminoGC/alignment_pruner/alignments/OG0000688.tsv
        (one of the commands exited with non-zero exit code; note that snakemake uses bash strict mode!)

Error in rule alignment_aminogc:
    jobid: 35
    input: ../../results/07_align_sco/alignments/OG0000628.aln
    output: ../../results/09_species_phylogeny_aminoGC/alignment_pruner/alignments/OG0000628.tsv
    conda-env: /data/emil/uabimicrobium_paper/scripts/conda-envs/700127768fcc9e2970b58b3c8b121fbe_
    shell:
        perl alignment_pruner.pl --file ../../results/07_align_sco/alignments/OG0000628.aln --aminogc > ../../results/09_species_phylogeny_aminoGC/alignment_pruner/alignments/OG0000628.tsv
        (one of the commands exited with non-zero exit code; note that snakemake uses bash strict mode!)

Error in rule alignment_aminogc:
    jobid: 76
    input: ../../results/07_align_sco/alignments/OG0000718.aln
    output: ../../results/09_species_phylogeny_aminoGC/alignment_pruner/alignments/OG0000718.tsv
    conda-env: /data/emil/uabimicrobium_paper/scripts/conda-envs/700127768fcc9e2970b58b3c8b121fbe_
    shell:
        perl alignment_pruner.pl --file ../../results/07_align_sco/alignments/OG0000718.aln --aminogc > ../../results/09_species_phylogeny_aminoGC/alignment_pruner/alignments/OG0000718.tsv
        (one of the commands exited with non-zero exit code; note that snakemake uses bash strict mode!)

Error in rule alignment_aminogc:
    jobid: 59
    input: ../../results/07_align_sco/alignments/OG0000627.aln
    output: ../../results/09_species_phylogeny_aminoGC/alignment_pruner/alignments/OG0000627.tsv
    conda-env: /data/emil/uabimicrobium_paper/scripts/conda-envs/700127768fcc9e2970b58b3c8b121fbe_
    shell:
        perl alignment_pruner.pl --file ../../results/07_align_sco/alignments/OG0000627.aln --aminogc > ../../results/09_species_phylogeny_aminoGC/alignment_pruner/alignments/OG0000627.tsv
        (one of the commands exited with non-zero exit code; note that snakemake uses bash strict mode!)

Error in rule alignment_aminogc:
    jobid: 87
    input: ../../results/07_align_sco/alignments/OG0000711.aln
    output: ../../results/09_species_phylogeny_aminoGC/alignment_pruner/alignments/OG0000711.tsv
    conda-env: /data/emil/uabimicrobium_paper/scripts/conda-envs/700127768fcc9e2970b58b3c8b121fbe_
    shell:
        perl alignment_pruner.pl --file ../../results/07_align_sco/alignments/OG0000711.aln --aminogc > ../../results/09_species_phylogeny_aminoGC/alignment_pruner/alignments/OG0000711.tsv
        (one of the commands exited with non-zero exit code; note that snakemake uses bash strict mode!)

Removing output files of failed job alignment_aminogc since they might be corrupted:
../../results/09_species_phylogeny_aminoGC/alignment_pruner/alignments/OG0000638.tsv
Error in rule alignment_aminogc:
    jobid: 90
    input: ../../results/07_align_sco/alignments/OG0000787.aln
    output: ../../results/09_species_phylogeny_aminoGC/alignment_pruner/alignments/OG0000787.tsv
    conda-env: /data/emil/uabimicrobium_paper/scripts/conda-envs/700127768fcc9e2970b58b3c8b121fbe_
    shell:
        perl alignment_pruner.pl --file ../../results/07_align_sco/alignments/OG0000787.aln --aminogc > ../../results/09_species_phylogeny_aminoGC/alignment_pruner/alignments/OG0000787.tsv
        (one of the commands exited with non-zero exit code; note that snakemake uses bash strict mode!)

Error in rule alignment_aminogc:
    jobid: 62
    input: ../../results/07_align_sco/alignments/OG0000654.aln
    output: ../../results/09_species_phylogeny_aminoGC/alignment_pruner/alignments/OG0000654.tsv
    conda-env: /data/emil/uabimicrobium_paper/scripts/conda-envs/700127768fcc9e2970b58b3c8b121fbe_
    shell:
        perl alignment_pruner.pl --file ../../results/07_align_sco/alignments/OG0000654.aln --aminogc > ../../results/09_species_phylogeny_aminoGC/alignment_pruner/alignments/OG0000654.tsv
        (one of the commands exited with non-zero exit code; note that snakemake uses bash strict mode!)

Error in rule alignment_aminogc:
    jobid: 32
    input: ../../results/07_align_sco/alignments/OG0000642.aln
    output: ../../results/09_species_phylogeny_aminoGC/alignment_pruner/alignments/OG0000642.tsv
    conda-env: /data/emil/uabimicrobium_paper/scripts/conda-envs/700127768fcc9e2970b58b3c8b121fbe_
    shell:
        perl alignment_pruner.pl --file ../../results/07_align_sco/alignments/OG0000642.aln --aminogc > ../../results/09_species_phylogeny_aminoGC/alignment_pruner/alignments/OG0000642.tsv
        (one of the commands exited with non-zero exit code; note that snakemake uses bash strict mode!)

Error in rule alignment_aminogc:
    jobid: 102
    input: ../../results/07_align_sco/alignments/OG0000641.aln
    output: ../../results/09_species_phylogeny_aminoGC/alignment_pruner/alignments/OG0000641.tsv
    conda-env: /data/emil/uabimicrobium_paper/scripts/conda-envs/700127768fcc9e2970b58b3c8b121fbe_
    shell:
        perl alignment_pruner.pl --file ../../results/07_align_sco/alignments/OG0000641.aln --aminogc > ../../results/09_species_phylogeny_aminoGC/alignment_pruner/alignments/OG0000641.tsv
        (one of the commands exited with non-zero exit code; note that snakemake uses bash strict mode!)

Error in rule alignment_aminogc:
    jobid: 101
    input: ../../results/07_align_sco/alignments/OG0000750.aln
    output: ../../results/09_species_phylogeny_aminoGC/alignment_pruner/alignments/OG0000750.tsv
    conda-env: /data/emil/uabimicrobium_paper/scripts/conda-envs/700127768fcc9e2970b58b3c8b121fbe_
    shell:
        perl alignment_pruner.pl --file ../../results/07_align_sco/alignments/OG0000750.aln --aminogc > ../../results/09_species_phylogeny_aminoGC/alignment_pruner/alignments/OG0000750.tsv
        (one of the commands exited with non-zero exit code; note that snakemake uses bash strict mode!)

Error in rule alignment_aminogc:
    jobid: 33
    input: ../../results/07_align_sco/alignments/OG0000710.aln
    output: ../../results/09_species_phylogeny_aminoGC/alignment_pruner/alignments/OG0000710.tsv
    conda-env: /data/emil/uabimicrobium_paper/scripts/conda-envs/700127768fcc9e2970b58b3c8b121fbe_
    shell:
        perl alignment_pruner.pl --file ../../results/07_align_sco/alignments/OG0000710.aln --aminogc > ../../results/09_species_phylogeny_aminoGC/alignment_pruner/alignments/OG0000710.tsv
        (one of the commands exited with non-zero exit code; note that snakemake uses bash strict mode!)

Removing output files of failed job alignment_aminogc since they might be corrupted:
../../results/09_species_phylogeny_aminoGC/alignment_pruner/alignments/OG0000648.tsv
Removing output files of failed job alignment_aminogc since they might be corrupted:
../../results/09_species_phylogeny_aminoGC/alignment_pruner/alignments/OG0000672.tsv
Removing output files of failed job alignment_aminogc since they might be corrupted:
../../results/09_species_phylogeny_aminoGC/alignment_pruner/alignments/OG0000712.tsv
Removing output files of failed job alignment_aminogc since they might be corrupted:
../../results/09_species_phylogeny_aminoGC/alignment_pruner/alignments/OG0000810.tsv
Removing output files of failed job alignment_aminogc since they might be corrupted:
../../results/09_species_phylogeny_aminoGC/alignment_pruner/alignments/OG0000783.tsv
Removing output files of failed job alignment_aminogc since they might be corrupted:
../../results/09_species_phylogeny_aminoGC/alignment_pruner/alignments/OG0000723.tsv
Removing output files of failed job alignment_aminogc since they might be corrupted:
../../results/09_species_phylogeny_aminoGC/alignment_pruner/alignments/OG0000735.tsv
Removing output files of failed job alignment_aminogc since they might be corrupted:
../../results/09_species_phylogeny_aminoGC/alignment_pruner/alignments/OG0000717.tsv
Removing output files of failed job alignment_aminogc since they might be corrupted:
../../results/09_species_phylogeny_aminoGC/alignment_pruner/alignments/OG0000688.tsv
Removing output files of failed job alignment_aminogc since they might be corrupted:
../../results/09_species_phylogeny_aminoGC/alignment_pruner/alignments/OG0000628.tsv
Removing output files of failed job alignment_aminogc since they might be corrupted:
../../results/09_species_phylogeny_aminoGC/alignment_pruner/alignments/OG0000718.tsv
Removing output files of failed job alignment_aminogc since they might be corrupted:
../../results/09_species_phylogeny_aminoGC/alignment_pruner/alignments/OG0000627.tsv
Removing output files of failed job alignment_aminogc since they might be corrupted:
../../results/09_species_phylogeny_aminoGC/alignment_pruner/alignments/OG0000711.tsv
Removing output files of failed job alignment_aminogc since they might be corrupted:
../../results/09_species_phylogeny_aminoGC/alignment_pruner/alignments/OG0000787.tsv
Removing output files of failed job alignment_aminogc since they might be corrupted:
../../results/09_species_phylogeny_aminoGC/alignment_pruner/alignments/OG0000654.tsv
Removing output files of failed job alignment_aminogc since they might be corrupted:
../../results/09_species_phylogeny_aminoGC/alignment_pruner/alignments/OG0000642.tsv
Removing output files of failed job alignment_aminogc since they might be corrupted:
../../results/09_species_phylogeny_aminoGC/alignment_pruner/alignments/OG0000641.tsv
Removing output files of failed job alignment_aminogc since they might be corrupted:
../../results/09_species_phylogeny_aminoGC/alignment_pruner/alignments/OG0000750.tsv
Removing output files of failed job alignment_aminogc since they might be corrupted:
../../results/09_species_phylogeny_aminoGC/alignment_pruner/alignments/OG0000710.tsv
Removing output files of failed job alignment_aminogc since they might be corrupted:
../../results/09_species_phylogeny_aminoGC/alignment_pruner/alignments/OG0000690.tsv
Removing output files of failed job alignment_aminogc since they might be corrupted:
../../results/09_species_phylogeny_aminoGC/alignment_pruner/alignments/OG0000677.tsv
Shutting down, this might take some time.
Exiting because a job execution failed. Look above for error message
Complete log: .snakemake/log/2023-08-02T101655.796567.snakemake.log
