Building DAG of jobs...
Your conda installation is not configured to use strict channel priorities. This is however crucial for having robust and correct environments (for details, see https://conda-forge.org/docs/user/tipsandtricks.html). Please consider to configure strict priorities by executing 'conda config --set channel_priority strict'.
Using shell: /bin/bash
Provided cores: 24
Rules claiming more threads will be scaled down.
Job stats:
job                  count    min threads    max threads
-----------------  -------  -------------  -------------
alignment_aminogc      114              1              1
all                      1              1              1
parse_results            1              1              1
total                  116              1              1

Select jobs to execute...

[Wed Aug  2 10:53:16 2023]
rule alignment_aminogc:
    input: ../../results/06_align_sco/alignments/OG0000730.aln
    output: ../../results/09_species_phylogeny_aminoGC/alignment_pruner/alignments/OG0000730.tsv
    jobid: 15
    reason: Missing output files: ../../results/09_species_phylogeny_aminoGC/alignment_pruner/alignments/OG0000730.tsv
    wildcards: orthogroup=OG0000730
    resources: tmpdir=/tmp

Activating conda environment: ../conda-envs/7df51c0672de353cb701677334f71fa6_

[Wed Aug  2 10:53:16 2023]
rule alignment_aminogc:
    input: ../../results/06_align_sco/alignments/OG0000705.aln
    output: ../../results/09_species_phylogeny_aminoGC/alignment_pruner/alignments/OG0000705.tsv
    jobid: 43
    reason: Missing output files: ../../results/09_species_phylogeny_aminoGC/alignment_pruner/alignments/OG0000705.tsv
    wildcards: orthogroup=OG0000705
    resources: tmpdir=/tmp

Activating conda environment: ../conda-envs/7df51c0672de353cb701677334f71fa6_

[Wed Aug  2 10:53:16 2023]
rule alignment_aminogc:
    input: ../../results/06_align_sco/alignments/OG0000660.aln
    output: ../../results/09_species_phylogeny_aminoGC/alignment_pruner/alignments/OG0000660.tsv
    jobid: 71
    reason: Missing output files: ../../results/09_species_phylogeny_aminoGC/alignment_pruner/alignments/OG0000660.tsv
    wildcards: orthogroup=OG0000660
    resources: tmpdir=/tmp

Activating conda environment: ../conda-envs/7df51c0672de353cb701677334f71fa6_

[Wed Aug  2 10:53:16 2023]
rule alignment_aminogc:
    input: ../../results/06_align_sco/alignments/OG0000767.aln
    output: ../../results/09_species_phylogeny_aminoGC/alignment_pruner/alignments/OG0000767.tsv
    jobid: 85
    reason: Missing output files: ../../results/09_species_phylogeny_aminoGC/alignment_pruner/alignments/OG0000767.tsv
    wildcards: orthogroup=OG0000767
    resources: tmpdir=/tmp

Activating conda environment: ../conda-envs/7df51c0672de353cb701677334f71fa6_

[Wed Aug  2 10:53:16 2023]
rule alignment_aminogc:
    input: ../../results/06_align_sco/alignments/OG0000633.aln
    output: ../../results/09_species_phylogeny_aminoGC/alignment_pruner/alignments/OG0000633.tsv
    jobid: 113
    reason: Missing output files: ../../results/09_species_phylogeny_aminoGC/alignment_pruner/alignments/OG0000633.tsv
    wildcards: orthogroup=OG0000633
    resources: tmpdir=/tmp

Activating conda environment: ../conda-envs/7df51c0672de353cb701677334f71fa6_

[Wed Aug  2 10:53:16 2023]
rule alignment_aminogc:
    input: ../../results/06_align_sco/alignments/OG0000670.aln
    output: ../../results/09_species_phylogeny_aminoGC/alignment_pruner/alignments/OG0000670.tsv
    jobid: 100
    reason: Missing output files: ../../results/09_species_phylogeny_aminoGC/alignment_pruner/alignments/OG0000670.tsv
    wildcards: orthogroup=OG0000670
    resources: tmpdir=/tmp

Activating conda environment: ../conda-envs/7df51c0672de353cb701677334f71fa6_

[Wed Aug  2 10:53:16 2023]
rule alignment_aminogc:
    input: ../../results/06_align_sco/alignments/OG0000708.aln
    output: ../../results/09_species_phylogeny_aminoGC/alignment_pruner/alignments/OG0000708.tsv
    jobid: 72
    reason: Missing output files: ../../results/09_species_phylogeny_aminoGC/alignment_pruner/alignments/OG0000708.tsv
    wildcards: orthogroup=OG0000708
    resources: tmpdir=/tmp

Activating conda environment: ../conda-envs/7df51c0672de353cb701677334f71fa6_

[Wed Aug  2 10:53:16 2023]
rule alignment_aminogc:
    input: ../../results/06_align_sco/alignments/OG0000675.aln
    output: ../../results/09_species_phylogeny_aminoGC/alignment_pruner/alignments/OG0000675.tsv
    jobid: 86
    reason: Missing output files: ../../results/09_species_phylogeny_aminoGC/alignment_pruner/alignments/OG0000675.tsv
    wildcards: orthogroup=OG0000675
    resources: tmpdir=/tmp

Activating conda environment: ../conda-envs/7df51c0672de353cb701677334f71fa6_

[Wed Aug  2 10:53:16 2023]
rule alignment_aminogc:
    input: ../../results/06_align_sco/alignments/OG0000762.aln
    output: ../../results/09_species_phylogeny_aminoGC/alignment_pruner/alignments/OG0000762.tsv
    jobid: 114
    reason: Missing output files: ../../results/09_species_phylogeny_aminoGC/alignment_pruner/alignments/OG0000762.tsv
    wildcards: orthogroup=OG0000762
    resources: tmpdir=/tmp

Activating conda environment: ../conda-envs/7df51c0672de353cb701677334f71fa6_

[Wed Aug  2 10:53:16 2023]
rule alignment_aminogc:
    input: ../../results/06_align_sco/alignments/OG0000812.aln
    output: ../../results/09_species_phylogeny_aminoGC/alignment_pruner/alignments/OG0000812.tsv
    jobid: 16
    reason: Missing output files: ../../results/09_species_phylogeny_aminoGC/alignment_pruner/alignments/OG0000812.tsv
    wildcards: orthogroup=OG0000812
    resources: tmpdir=/tmp

Activating conda environment: ../conda-envs/7df51c0672de353cb701677334f71fa6_

[Wed Aug  2 10:53:16 2023]
rule alignment_aminogc:
    input: ../../results/06_align_sco/alignments/OG0000681.aln
    output: ../../results/09_species_phylogeny_aminoGC/alignment_pruner/alignments/OG0000681.tsv
    jobid: 44
    reason: Missing output files: ../../results/09_species_phylogeny_aminoGC/alignment_pruner/alignments/OG0000681.tsv
    wildcards: orthogroup=OG0000681
    resources: tmpdir=/tmp

Activating conda environment: ../conda-envs/7df51c0672de353cb701677334f71fa6_

[Wed Aug  2 10:53:16 2023]
rule alignment_aminogc:
    input: ../../results/06_align_sco/alignments/OG0000771.aln
    output: ../../results/09_species_phylogeny_aminoGC/alignment_pruner/alignments/OG0000771.tsv
    jobid: 3
    reason: Missing output files: ../../results/09_species_phylogeny_aminoGC/alignment_pruner/alignments/OG0000771.tsv
    wildcards: orthogroup=OG0000771
    resources: tmpdir=/tmp

Activating conda environment: ../conda-envs/7df51c0672de353cb701677334f71fa6_

[Wed Aug  2 10:53:16 2023]
rule alignment_aminogc:
    input: ../../results/06_align_sco/alignments/OG0000638.aln
    output: ../../results/09_species_phylogeny_aminoGC/alignment_pruner/alignments/OG0000638.tsv
    jobid: 17
    reason: Missing output files: ../../results/09_species_phylogeny_aminoGC/alignment_pruner/alignments/OG0000638.tsv
    wildcards: orthogroup=OG0000638
    resources: tmpdir=/tmp

Activating conda environment: ../conda-envs/7df51c0672de353cb701677334f71fa6_

[Wed Aug  2 10:53:16 2023]
rule alignment_aminogc:
    input: ../../results/06_align_sco/alignments/OG0000735.aln
    output: ../../results/09_species_phylogeny_aminoGC/alignment_pruner/alignments/OG0000735.tsv
    jobid: 45
    reason: Missing output files: ../../results/09_species_phylogeny_aminoGC/alignment_pruner/alignments/OG0000735.tsv
    wildcards: orthogroup=OG0000735
    resources: tmpdir=/tmp

Activating conda environment: ../conda-envs/7df51c0672de353cb701677334f71fa6_

[Wed Aug  2 10:53:16 2023]
rule alignment_aminogc:
    input: ../../results/06_align_sco/alignments/OG0000688.aln
    output: ../../results/09_species_phylogeny_aminoGC/alignment_pruner/alignments/OG0000688.tsv
    jobid: 73
    reason: Missing output files: ../../results/09_species_phylogeny_aminoGC/alignment_pruner/alignments/OG0000688.tsv
    wildcards: orthogroup=OG0000688
    resources: tmpdir=/tmp

Activating conda environment: ../conda-envs/7df51c0672de353cb701677334f71fa6_

[Wed Aug  2 10:53:16 2023]
rule alignment_aminogc:
    input: ../../results/06_align_sco/alignments/OG0000717.aln
    output: ../../results/09_species_phylogeny_aminoGC/alignment_pruner/alignments/OG0000717.tsv
    jobid: 115
    reason: Missing output files: ../../results/09_species_phylogeny_aminoGC/alignment_pruner/alignments/OG0000717.tsv
    wildcards: orthogroup=OG0000717
    resources: tmpdir=/tmp

Activating conda environment: ../conda-envs/7df51c0672de353cb701677334f71fa6_

[Wed Aug  2 10:53:16 2023]
rule alignment_aminogc:
    input: ../../results/06_align_sco/alignments/OG0000711.aln
    output: ../../results/09_species_phylogeny_aminoGC/alignment_pruner/alignments/OG0000711.tsv
    jobid: 87
    reason: Missing output files: ../../results/09_species_phylogeny_aminoGC/alignment_pruner/alignments/OG0000711.tsv
    wildcards: orthogroup=OG0000711
    resources: tmpdir=/tmp

Activating conda environment: ../conda-envs/7df51c0672de353cb701677334f71fa6_

[Wed Aug  2 10:53:16 2023]
rule alignment_aminogc:
    input: ../../results/06_align_sco/alignments/OG0000629.aln
    output: ../../results/09_species_phylogeny_aminoGC/alignment_pruner/alignments/OG0000629.tsv
    jobid: 18
    reason: Missing output files: ../../results/09_species_phylogeny_aminoGC/alignment_pruner/alignments/OG0000629.tsv
    wildcards: orthogroup=OG0000629
    resources: tmpdir=/tmp

Activating conda environment: ../conda-envs/7df51c0672de353cb701677334f71fa6_

[Wed Aug  2 10:53:16 2023]
rule alignment_aminogc:
    input: ../../results/06_align_sco/alignments/OG0000687.aln
    output: ../../results/09_species_phylogeny_aminoGC/alignment_pruner/alignments/OG0000687.tsv
    jobid: 46
    reason: Missing output files: ../../results/09_species_phylogeny_aminoGC/alignment_pruner/alignments/OG0000687.tsv
    wildcards: orthogroup=OG0000687
    resources: tmpdir=/tmp

Activating conda environment: ../conda-envs/7df51c0672de353cb701677334f71fa6_

[Wed Aug  2 10:53:16 2023]
rule alignment_aminogc:
    input: ../../results/06_align_sco/alignments/OG0000723.aln
    output: ../../results/09_species_phylogeny_aminoGC/alignment_pruner/alignments/OG0000723.tsv
    jobid: 74
    reason: Missing output files: ../../results/09_species_phylogeny_aminoGC/alignment_pruner/alignments/OG0000723.tsv
    wildcards: orthogroup=OG0000723
    resources: tmpdir=/tmp

Activating conda environment: ../conda-envs/7df51c0672de353cb701677334f71fa6_

[Wed Aug  2 10:53:16 2023]
rule alignment_aminogc:
    input: ../../results/06_align_sco/alignments/OG0000667.aln
    output: ../../results/09_species_phylogeny_aminoGC/alignment_pruner/alignments/OG0000667.tsv
    jobid: 88
    reason: Missing output files: ../../results/09_species_phylogeny_aminoGC/alignment_pruner/alignments/OG0000667.tsv
    wildcards: orthogroup=OG0000667
    resources: tmpdir=/tmp

Activating conda environment: ../conda-envs/7df51c0672de353cb701677334f71fa6_

[Wed Aug  2 10:53:16 2023]
rule alignment_aminogc:
    input: ../../results/06_align_sco/alignments/OG0000697.aln
    output: ../../results/09_species_phylogeny_aminoGC/alignment_pruner/alignments/OG0000697.tsv
    jobid: 19
    reason: Missing output files: ../../results/09_species_phylogeny_aminoGC/alignment_pruner/alignments/OG0000697.tsv
    wildcards: orthogroup=OG0000697
    resources: tmpdir=/tmp

Activating conda environment: ../conda-envs/7df51c0672de353cb701677334f71fa6_

[Wed Aug  2 10:53:16 2023]
rule alignment_aminogc:
    input: ../../results/06_align_sco/alignments/OG0000624.aln
    output: ../../results/09_species_phylogeny_aminoGC/alignment_pruner/alignments/OG0000624.tsv
    jobid: 70
    reason: Missing output files: ../../results/09_species_phylogeny_aminoGC/alignment_pruner/alignments/OG0000624.tsv
    wildcards: orthogroup=OG0000624
    resources: tmpdir=/tmp

Activating conda environment: ../conda-envs/7df51c0672de353cb701677334f71fa6_

[Wed Aug  2 10:53:16 2023]
rule alignment_aminogc:
    input: ../../results/06_align_sco/alignments/OG0000685.aln
    output: ../../results/09_species_phylogeny_aminoGC/alignment_pruner/alignments/OG0000685.tsv
    jobid: 112
    reason: Missing output files: ../../results/09_species_phylogeny_aminoGC/alignment_pruner/alignments/OG0000685.tsv
    wildcards: orthogroup=OG0000685
    resources: tmpdir=/tmp

Activating conda environment: ../conda-envs/7df51c0672de353cb701677334f71fa6_
[Wed Aug  2 10:53:17 2023]
Finished job 88.
1 of 116 steps (1%) done
Select jobs to execute...

[Wed Aug  2 10:53:17 2023]
rule alignment_aminogc:
    input: ../../results/06_align_sco/alignments/OG0000626.aln
    output: ../../results/09_species_phylogeny_aminoGC/alignment_pruner/alignments/OG0000626.tsv
    jobid: 37
    reason: Missing output files: ../../results/09_species_phylogeny_aminoGC/alignment_pruner/alignments/OG0000626.tsv
    wildcards: orthogroup=OG0000626
    resources: tmpdir=/tmp

Activating conda environment: ../conda-envs/7df51c0672de353cb701677334f71fa6_
[Wed Aug  2 10:53:17 2023]
Finished job 72.
2 of 116 steps (2%) done
[Wed Aug  2 10:53:17 2023]
Finished job 17.
3 of 116 steps (3%) done
[Wed Aug  2 10:53:17 2023]
Finished job 113.
4 of 116 steps (3%) done
[Wed Aug  2 10:53:17 2023]
Finished job 15.
5 of 116 steps (4%) done
Select jobs to execute...

[Wed Aug  2 10:53:17 2023]
rule alignment_aminogc:
    input: ../../results/06_align_sco/alignments/OG0000674.aln
    output: ../../results/09_species_phylogeny_aminoGC/alignment_pruner/alignments/OG0000674.tsv
    jobid: 93
    reason: Missing output files: ../../results/09_species_phylogeny_aminoGC/alignment_pruner/alignments/OG0000674.tsv
    wildcards: orthogroup=OG0000674
    resources: tmpdir=/tmp


Activating conda environment: ../conda-envs/7df51c0672de353cb701677334f71fa6_
[Wed Aug  2 10:53:17 2023]
rule alignment_aminogc:
    input: ../../results/06_align_sco/alignments/OG0000759.aln
    output: ../../results/09_species_phylogeny_aminoGC/alignment_pruner/alignments/OG0000759.tsv
    jobid: 77
    reason: Missing output files: ../../results/09_species_phylogeny_aminoGC/alignment_pruner/alignments/OG0000759.tsv
    wildcards: orthogroup=OG0000759
    resources: tmpdir=/tmp

Activating conda environment: ../conda-envs/7df51c0672de353cb701677334f71fa6_

[Wed Aug  2 10:53:17 2023]
rule alignment_aminogc:
    input: ../../results/06_align_sco/alignments/OG0000635.aln
    output: ../../results/09_species_phylogeny_aminoGC/alignment_pruner/alignments/OG0000635.tsv
    jobid: 79
    reason: Missing output files: ../../results/09_species_phylogeny_aminoGC/alignment_pruner/alignments/OG0000635.tsv
    wildcards: orthogroup=OG0000635
    resources: tmpdir=/tmp

Activating conda environment: ../conda-envs/7df51c0672de353cb701677334f71fa6_

[Wed Aug  2 10:53:17 2023]
rule alignment_aminogc:
    input: ../../results/06_align_sco/alignments/OG0000656.aln
    output: ../../results/09_species_phylogeny_aminoGC/alignment_pruner/alignments/OG0000656.tsv
    jobid: 24
    reason: Missing output files: ../../results/09_species_phylogeny_aminoGC/alignment_pruner/alignments/OG0000656.tsv
    wildcards: orthogroup=OG0000656
    resources: tmpdir=/tmp

Activating conda environment: ../conda-envs/7df51c0672de353cb701677334f71fa6_
[Wed Aug  2 10:53:17 2023]
Finished job 114.
6 of 116 steps (5%) done
[Wed Aug  2 10:53:17 2023]
Finished job 16.
7 of 116 steps (6%) done
Select jobs to execute...

[Wed Aug  2 10:53:17 2023]
rule alignment_aminogc:
    input: ../../results/06_align_sco/alignments/OG0000636.aln
    output: ../../results/09_species_phylogeny_aminoGC/alignment_pruner/alignments/OG0000636.tsv
    jobid: 21
    reason: Missing output files: ../../results/09_species_phylogeny_aminoGC/alignment_pruner/alignments/OG0000636.tsv
    wildcards: orthogroup=OG0000636
    resources: tmpdir=/tmp

Activating conda environment: ../conda-envs/7df51c0672de353cb701677334f71fa6_

[Wed Aug  2 10:53:17 2023]
rule alignment_aminogc:
    input: ../../results/06_align_sco/alignments/OG0000651.aln
    output: ../../results/09_species_phylogeny_aminoGC/alignment_pruner/alignments/OG0000651.tsv
    jobid: 52
    reason: Missing output files: ../../results/09_species_phylogeny_aminoGC/alignment_pruner/alignments/OG0000651.tsv
    wildcards: orthogroup=OG0000651
    resources: tmpdir=/tmp

Activating conda environment: ../conda-envs/7df51c0672de353cb701677334f71fa6_
[Wed Aug  2 10:53:17 2023]
Finished job 85.
8 of 116 steps (7%) done
[Wed Aug  2 10:53:17 2023]
Finished job 100.
9 of 116 steps (8%) done
Select jobs to execute...

[Wed Aug  2 10:53:17 2023]
rule alignment_aminogc:
    input: ../../results/06_align_sco/alignments/OG0000718.aln
    output: ../../results/09_species_phylogeny_aminoGC/alignment_pruner/alignments/OG0000718.tsv
    jobid: 76
    reason: Missing output files: ../../results/09_species_phylogeny_aminoGC/alignment_pruner/alignments/OG0000718.tsv
    wildcards: orthogroup=OG0000718
    resources: tmpdir=/tmp


Activating conda environment: ../conda-envs/7df51c0672de353cb701677334f71fa6_
[Wed Aug  2 10:53:17 2023]
rule alignment_aminogc:
    input: ../../results/06_align_sco/alignments/OG0000736.aln
    output: ../../results/09_species_phylogeny_aminoGC/alignment_pruner/alignments/OG0000736.tsv
    jobid: 51
    reason: Missing output files: ../../results/09_species_phylogeny_aminoGC/alignment_pruner/alignments/OG0000736.tsv
    wildcards: orthogroup=OG0000736
    resources: tmpdir=/tmp

Activating conda environment: ../conda-envs/7df51c0672de353cb701677334f71fa6_
[Wed Aug  2 10:53:17 2023]
Finished job 44.
10 of 116 steps (9%) done
[Wed Aug  2 10:53:17 2023]
Finished job 87.
11 of 116 steps (9%) done
[Wed Aug  2 10:53:17 2023]
Finished job 112.
12 of 116 steps (10%) done
[Wed Aug  2 10:53:17 2023]
Finished job 19.
13 of 116 steps (11%) done
[Wed Aug  2 10:53:17 2023]
Finished job 86.
14 of 116 steps (12%) done
Select jobs to execute...

[Wed Aug  2 10:53:17 2023]
rule alignment_aminogc:
    input: ../../results/06_align_sco/alignments/OG0000792.aln
    output: ../../results/09_species_phylogeny_aminoGC/alignment_pruner/alignments/OG0000792.tsv
    jobid: 50
    reason: Missing output files: ../../results/09_species_phylogeny_aminoGC/alignment_pruner/alignments/OG0000792.tsv
    wildcards: orthogroup=OG0000792
    resources: tmpdir=/tmp


Activating conda environment: ../conda-envs/7df51c0672de353cb701677334f71fa6_
[Wed Aug  2 10:53:17 2023]
rule alignment_aminogc:
    input: ../../results/06_align_sco/alignments/OG0000655.aln
    output: ../../results/09_species_phylogeny_aminoGC/alignment_pruner/alignments/OG0000655.tsv
    jobid: 23
    reason: Missing output files: ../../results/09_species_phylogeny_aminoGC/alignment_pruner/alignments/OG0000655.tsv
    wildcards: orthogroup=OG0000655
    resources: tmpdir=/tmp

Activating conda environment: ../conda-envs/7df51c0672de353cb701677334f71fa6_

[Wed Aug  2 10:53:17 2023]
rule alignment_aminogc:
    input: ../../results/06_align_sco/alignments/OG0000634.aln
    output: ../../results/09_species_phylogeny_aminoGC/alignment_pruner/alignments/OG0000634.tsv
    jobid: 48
    reason: Missing output files: ../../results/09_species_phylogeny_aminoGC/alignment_pruner/alignments/OG0000634.tsv
    wildcards: orthogroup=OG0000634
    resources: tmpdir=/tmp

Activating conda environment: ../conda-envs/7df51c0672de353cb701677334f71fa6_

[Wed Aug  2 10:53:17 2023]
rule alignment_aminogc:
    input: ../../results/06_align_sco/alignments/OG0000764.aln
    output: ../../results/09_species_phylogeny_aminoGC/alignment_pruner/alignments/OG0000764.tsv
    jobid: 22
    reason: Missing output files: ../../results/09_species_phylogeny_aminoGC/alignment_pruner/alignments/OG0000764.tsv
    wildcards: orthogroup=OG0000764
    resources: tmpdir=/tmp

Activating conda environment: ../conda-envs/7df51c0672de353cb701677334f71fa6_

[Wed Aug  2 10:53:17 2023]
rule alignment_aminogc:
    input: ../../results/06_align_sco/alignments/OG0000630.aln
    output: ../../results/09_species_phylogeny_aminoGC/alignment_pruner/alignments/OG0000630.tsv
    jobid: 80
    reason: Missing output files: ../../results/09_species_phylogeny_aminoGC/alignment_pruner/alignments/OG0000630.tsv
    wildcards: orthogroup=OG0000630
    resources: tmpdir=/tmp

Activating conda environment: ../conda-envs/7df51c0672de353cb701677334f71fa6_
[Wed Aug  2 10:53:17 2023]
Finished job 43.
15 of 116 steps (13%) done
[Wed Aug  2 10:53:17 2023]
Finished job 115.
16 of 116 steps (14%) done
[Wed Aug  2 10:53:17 2023]
Finished job 71.
17 of 116 steps (15%) done
[Wed Aug  2 10:53:17 2023]
Finished job 3.
18 of 116 steps (16%) done
[Wed Aug  2 10:53:17 2023]
Finished job 18.
19 of 116 steps (16%) done
[Wed Aug  2 10:53:17 2023]
Finished job 45.
20 of 116 steps (17%) done
Select jobs to execute...

[Wed Aug  2 10:53:17 2023]
rule alignment_aminogc:
    input: ../../results/06_align_sco/alignments/OG0000665.aln
    output: ../../results/09_species_phylogeny_aminoGC/alignment_pruner/alignments/OG0000665.tsv
    jobid: 107
    reason: Missing output files: ../../results/09_species_phylogeny_aminoGC/alignment_pruner/alignments/OG0000665.tsv
    wildcards: orthogroup=OG0000665
    resources: tmpdir=/tmp


Activating conda environment: ../conda-envs/7df51c0672de353cb701677334f71fa6_
[Wed Aug  2 10:53:17 2023]
rule alignment_aminogc:
    input: ../../results/06_align_sco/alignments/OG0000802.aln
    output: ../../results/09_species_phylogeny_aminoGC/alignment_pruner/alignments/OG0000802.tsv
    jobid: 69
    reason: Missing output files: ../../results/09_species_phylogeny_aminoGC/alignment_pruner/alignments/OG0000802.tsv
    wildcards: orthogroup=OG0000802
    resources: tmpdir=/tmp

Activating conda environment: ../conda-envs/7df51c0672de353cb701677334f71fa6_

[Wed Aug  2 10:53:17 2023]
rule alignment_aminogc:
    input: ../../results/06_align_sco/alignments/OG0000810.aln
    output: ../../results/09_species_phylogeny_aminoGC/alignment_pruner/alignments/OG0000810.tsv
    jobid: 34
    reason: Missing output files: ../../results/09_species_phylogeny_aminoGC/alignment_pruner/alignments/OG0000810.tsv
    wildcards: orthogroup=OG0000810
    resources: tmpdir=/tmp

Activating conda environment: ../conda-envs/7df51c0672de353cb701677334f71fa6_

[Wed Aug  2 10:53:18 2023]
rule alignment_aminogc:
    input: ../../results/06_align_sco/alignments/OG0000768.aln
    output: ../../results/09_species_phylogeny_aminoGC/alignment_pruner/alignments/OG0000768.tsv
    jobid: 97
    reason: Missing output files: ../../results/09_species_phylogeny_aminoGC/alignment_pruner/alignments/OG0000768.tsv
    wildcards: orthogroup=OG0000768
    resources: tmpdir=/tmp

Activating conda environment: ../conda-envs/7df51c0672de353cb701677334f71fa6_

[Wed Aug  2 10:53:18 2023]
rule alignment_aminogc:
    input: ../../results/06_align_sco/alignments/OG0000654.aln
    output: ../../results/09_species_phylogeny_aminoGC/alignment_pruner/alignments/OG0000654.tsv
    jobid: 62
    reason: Missing output files: ../../results/09_species_phylogeny_aminoGC/alignment_pruner/alignments/OG0000654.tsv
    wildcards: orthogroup=OG0000654
    resources: tmpdir=/tmp

Activating conda environment: ../conda-envs/7df51c0672de353cb701677334f71fa6_

[Wed Aug  2 10:53:18 2023]
rule alignment_aminogc:
    input: ../../results/06_align_sco/alignments/OG0000695.aln
    output: ../../results/09_species_phylogeny_aminoGC/alignment_pruner/alignments/OG0000695.tsv
    jobid: 6
    reason: Missing output files: ../../results/09_species_phylogeny_aminoGC/alignment_pruner/alignments/OG0000695.tsv
    wildcards: orthogroup=OG0000695
    resources: tmpdir=/tmp

Activating conda environment: ../conda-envs/7df51c0672de353cb701677334f71fa6_
[Wed Aug  2 10:53:18 2023]
Finished job 74.
21 of 116 steps (18%) done
[Wed Aug  2 10:53:18 2023]
Finished job 70.
22 of 116 steps (19%) done
[Wed Aug  2 10:53:18 2023]
Finished job 46.
23 of 116 steps (20%) done
[Wed Aug  2 10:53:18 2023]
Finished job 73.
24 of 116 steps (21%) done
Select jobs to execute...

[Wed Aug  2 10:53:18 2023]
rule alignment_aminogc:
    input: ../../results/06_align_sco/alignments/OG0000692.aln
    output: ../../results/09_species_phylogeny_aminoGC/alignment_pruner/alignments/OG0000692.tsv
    jobid: 41
    reason: Missing output files: ../../results/09_species_phylogeny_aminoGC/alignment_pruner/alignments/OG0000692.tsv
    wildcards: orthogroup=OG0000692
    resources: tmpdir=/tmp

Activating conda environment: ../conda-envs/7df51c0672de353cb701677334f71fa6_

[Wed Aug  2 10:53:18 2023]
rule alignment_aminogc:
    input: ../../results/06_align_sco/alignments/OG0000739.aln
    output: ../../results/09_species_phylogeny_aminoGC/alignment_pruner/alignments/OG0000739.tsv
    jobid: 104
    reason: Missing output files: ../../results/09_species_phylogeny_aminoGC/alignment_pruner/alignments/OG0000739.tsv
    wildcards: orthogroup=OG0000739
    resources: tmpdir=/tmp

Activating conda environment: ../conda-envs/7df51c0672de353cb701677334f71fa6_

[Wed Aug  2 10:53:18 2023]
rule alignment_aminogc:
    input: ../../results/06_align_sco/alignments/OG0000787.aln
    output: ../../results/09_species_phylogeny_aminoGC/alignment_pruner/alignments/OG0000787.tsv
    jobid: 90
    reason: Missing output files: ../../results/09_species_phylogeny_aminoGC/alignment_pruner/alignments/OG0000787.tsv
    wildcards: orthogroup=OG0000787
    resources: tmpdir=/tmp

Activating conda environment: ../conda-envs/7df51c0672de353cb701677334f71fa6_

[Wed Aug  2 10:53:18 2023]
rule alignment_aminogc:
    input: ../../results/06_align_sco/alignments/OG0000696.aln
    output: ../../results/09_species_phylogeny_aminoGC/alignment_pruner/alignments/OG0000696.tsv
    jobid: 20
    reason: Missing output files: ../../results/09_species_phylogeny_aminoGC/alignment_pruner/alignments/OG0000696.tsv
    wildcards: orthogroup=OG0000696
    resources: tmpdir=/tmp

Select jobs to execute...
Activating conda environment: ../conda-envs/7df51c0672de353cb701677334f71fa6_
[Wed Aug  2 10:53:18 2023]
Finished job 21.
25 of 116 steps (22%) done

[Wed Aug  2 10:53:18 2023]
rule alignment_aminogc:
    input: ../../results/06_align_sco/alignments/OG0000707.aln
    output: ../../results/09_species_phylogeny_aminoGC/alignment_pruner/alignments/OG0000707.tsv
    jobid: 54
    reason: Missing output files: ../../results/09_species_phylogeny_aminoGC/alignment_pruner/alignments/OG0000707.tsv
    wildcards: orthogroup=OG0000707
    resources: tmpdir=/tmp

Activating conda environment: ../conda-envs/7df51c0672de353cb701677334f71fa6_
[Wed Aug  2 10:53:18 2023]
Finished job 24.
26 of 116 steps (22%) done
Select jobs to execute...

[Wed Aug  2 10:53:18 2023]
rule alignment_aminogc:
    input: ../../results/06_align_sco/alignments/OG0000734.aln
    output: ../../results/09_species_phylogeny_aminoGC/alignment_pruner/alignments/OG0000734.tsv
    jobid: 82
    reason: Missing output files: ../../results/09_species_phylogeny_aminoGC/alignment_pruner/alignments/OG0000734.tsv
    wildcards: orthogroup=OG0000734
    resources: tmpdir=/tmp

Activating conda environment: ../conda-envs/7df51c0672de353cb701677334f71fa6_
[Wed Aug  2 10:53:18 2023]
Finished job 37.
27 of 116 steps (23%) done
Select jobs to execute...

[Wed Aug  2 10:53:18 2023]
rule alignment_aminogc:
    input: ../../results/06_align_sco/alignments/OG0000647.aln
    output: ../../results/09_species_phylogeny_aminoGC/alignment_pruner/alignments/OG0000647.tsv
    jobid: 26
    reason: Missing output files: ../../results/09_species_phylogeny_aminoGC/alignment_pruner/alignments/OG0000647.tsv
    wildcards: orthogroup=OG0000647
    resources: tmpdir=/tmp

Activating conda environment: ../conda-envs/7df51c0672de353cb701677334f71fa6_
[Wed Aug  2 10:53:18 2023]
Finished job 50.
28 of 116 steps (24%) done
Select jobs to execute...

[Wed Aug  2 10:53:18 2023]
rule alignment_aminogc:
    input: ../../results/06_align_sco/alignments/OG0000646.aln
    output: ../../results/09_species_phylogeny_aminoGC/alignment_pruner/alignments/OG0000646.tsv
    jobid: 96
    reason: Missing output files: ../../results/09_species_phylogeny_aminoGC/alignment_pruner/alignments/OG0000646.tsv
    wildcards: orthogroup=OG0000646
    resources: tmpdir=/tmp

Activating conda environment: ../conda-envs/7df51c0672de353cb701677334f71fa6_
[Wed Aug  2 10:53:19 2023]
Finished job 52.
29 of 116 steps (25%) done
[Wed Aug  2 10:53:19 2023]
Finished job 79.
30 of 116 steps (26%) done
[Wed Aug  2 10:53:19 2023]
Finished job 76.
31 of 116 steps (27%) done
Select jobs to execute...

[Wed Aug  2 10:53:19 2023]
rule alignment_aminogc:
    input: ../../results/06_align_sco/alignments/OG0000710.aln
    output: ../../results/09_species_phylogeny_aminoGC/alignment_pruner/alignments/OG0000710.tsv
    jobid: 33
    reason: Missing output files: ../../results/09_species_phylogeny_aminoGC/alignment_pruner/alignments/OG0000710.tsv
    wildcards: orthogroup=OG0000710
    resources: tmpdir=/tmp

Activating conda environment: ../conda-envs/7df51c0672de353cb701677334f71fa6_

[Wed Aug  2 10:53:19 2023]
rule alignment_aminogc:
    input: ../../results/06_align_sco/alignments/OG0000640.aln
    output: ../../results/09_species_phylogeny_aminoGC/alignment_pruner/alignments/OG0000640.tsv
    jobid: 28
    reason: Missing output files: ../../results/09_species_phylogeny_aminoGC/alignment_pruner/alignments/OG0000640.tsv
    wildcards: orthogroup=OG0000640
    resources: tmpdir=/tmp

Activating conda environment: ../conda-envs/7df51c0672de353cb701677334f71fa6_

[Wed Aug  2 10:53:19 2023]
rule alignment_aminogc:
    input: ../../results/06_align_sco/alignments/OG0000690.aln
    output: ../../results/09_species_phylogeny_aminoGC/alignment_pruner/alignments/OG0000690.tsv
    jobid: 61
    reason: Missing output files: ../../results/09_species_phylogeny_aminoGC/alignment_pruner/alignments/OG0000690.tsv
    wildcards: orthogroup=OG0000690
    resources: tmpdir=/tmp

Activating conda environment: ../conda-envs/7df51c0672de353cb701677334f71fa6_
[Wed Aug  2 10:53:19 2023]
Finished job 77.
32 of 116 steps (28%) done
[Wed Aug  2 10:53:19 2023]
Finished job 97.
33 of 116 steps (28%) done
[Wed Aug  2 10:53:19 2023]
Finished job 93.
34 of 116 steps (29%) done
Select jobs to execute...

[Wed Aug  2 10:53:19 2023]
rule alignment_aminogc:
    input: ../../results/06_align_sco/alignments/OG0000740.aln
    output: ../../results/09_species_phylogeny_aminoGC/alignment_pruner/alignments/OG0000740.tsv
    jobid: 5
    reason: Missing output files: ../../results/09_species_phylogeny_aminoGC/alignment_pruner/alignments/OG0000740.tsv
    wildcards: orthogroup=OG0000740
    resources: tmpdir=/tmp

Activating conda environment: ../conda-envs/7df51c0672de353cb701677334f71fa6_

[Wed Aug  2 10:53:19 2023]
rule alignment_aminogc:
    input: ../../results/06_align_sco/alignments/OG0000689.aln
    output: ../../results/09_species_phylogeny_aminoGC/alignment_pruner/alignments/OG0000689.tsv
    jobid: 56
    reason: Missing output files: ../../results/09_species_phylogeny_aminoGC/alignment_pruner/alignments/OG0000689.tsv
    wildcards: orthogroup=OG0000689
    resources: tmpdir=/tmp

Activating conda environment: ../conda-envs/7df51c0672de353cb701677334f71fa6_

[Wed Aug  2 10:53:19 2023]
rule alignment_aminogc:
    input: ../../results/06_align_sco/alignments/OG0000706.aln
    output: ../../results/09_species_phylogeny_aminoGC/alignment_pruner/alignments/OG0000706.tsv
    jobid: 110
    reason: Missing output files: ../../results/09_species_phylogeny_aminoGC/alignment_pruner/alignments/OG0000706.tsv
    wildcards: orthogroup=OG0000706
    resources: tmpdir=/tmp

Activating conda environment: ../conda-envs/7df51c0672de353cb701677334f71fa6_
[Wed Aug  2 10:53:19 2023]
Finished job 34.
35 of 116 steps (30%) done
[Wed Aug  2 10:53:19 2023]
Finished job 80.
36 of 116 steps (31%) done
[Wed Aug  2 10:53:19 2023]
Finished job 51.
37 of 116 steps (32%) done
Select jobs to execute...

[Wed Aug  2 10:53:19 2023]
rule alignment_aminogc:
    input: ../../results/06_align_sco/alignments/OG0000783.aln
    output: ../../results/09_species_phylogeny_aminoGC/alignment_pruner/alignments/OG0000783.tsv
    jobid: 103
    reason: Missing output files: ../../results/09_species_phylogeny_aminoGC/alignment_pruner/alignments/OG0000783.tsv
    wildcards: orthogroup=OG0000783
    resources: tmpdir=/tmp

Activating conda environment: ../conda-envs/7df51c0672de353cb701677334f71fa6_

[Wed Aug  2 10:53:19 2023]
rule alignment_aminogc:
    input: ../../results/06_align_sco/alignments/OG0000682.aln
    output: ../../results/09_species_phylogeny_aminoGC/alignment_pruner/alignments/OG0000682.tsv
    jobid: 84
    reason: Missing output files: ../../results/09_species_phylogeny_aminoGC/alignment_pruner/alignments/OG0000682.tsv
    wildcards: orthogroup=OG0000682
    resources: tmpdir=/tmp

Activating conda environment: ../conda-envs/7df51c0672de353cb701677334f71fa6_

[Wed Aug  2 10:53:19 2023]
rule alignment_aminogc:
    input: ../../results/06_align_sco/alignments/OG0000673.aln
    output: ../../results/09_species_phylogeny_aminoGC/alignment_pruner/alignments/OG0000673.tsv
    jobid: 68
    reason: Missing output files: ../../results/09_species_phylogeny_aminoGC/alignment_pruner/alignments/OG0000673.tsv
    wildcards: orthogroup=OG0000673
    resources: tmpdir=/tmp

Activating conda environment: ../conda-envs/7df51c0672de353cb701677334f71fa6_
[Wed Aug  2 10:53:19 2023]
Finished job 107.
38 of 116 steps (33%) done
[Wed Aug  2 10:53:19 2023]
Finished job 20.
39 of 116 steps (34%) done
Select jobs to execute...

[Wed Aug  2 10:53:19 2023]
rule alignment_aminogc:
    input: ../../results/06_align_sco/alignments/OG0000625.aln
    output: ../../results/09_species_phylogeny_aminoGC/alignment_pruner/alignments/OG0000625.tsv
    jobid: 98
    reason: Missing output files: ../../results/09_species_phylogeny_aminoGC/alignment_pruner/alignments/OG0000625.tsv
    wildcards: orthogroup=OG0000625
    resources: tmpdir=/tmp

Activating conda environment: ../conda-envs/7df51c0672de353cb701677334f71fa6_

[Wed Aug  2 10:53:19 2023]
rule alignment_aminogc:
    input: ../../results/06_align_sco/alignments/OG0000791.aln
    output: ../../results/09_species_phylogeny_aminoGC/alignment_pruner/alignments/OG0000791.tsv
    jobid: 12
    reason: Missing output files: ../../results/09_species_phylogeny_aminoGC/alignment_pruner/alignments/OG0000791.tsv
    wildcards: orthogroup=OG0000791
    resources: tmpdir=/tmp

Activating conda environment: ../conda-envs/7df51c0672de353cb701677334f71fa6_
[Wed Aug  2 10:53:19 2023]
Finished job 48.
40 of 116 steps (34%) done
Select jobs to execute...

[Wed Aug  2 10:53:19 2023]
rule alignment_aminogc:
    input: ../../results/06_align_sco/alignments/OG0000641.aln
    output: ../../results/09_species_phylogeny_aminoGC/alignment_pruner/alignments/OG0000641.tsv
    jobid: 102
    reason: Missing output files: ../../results/09_species_phylogeny_aminoGC/alignment_pruner/alignments/OG0000641.tsv
    wildcards: orthogroup=OG0000641
    resources: tmpdir=/tmp

Activating conda environment: ../conda-envs/7df51c0672de353cb701677334f71fa6_
[Wed Aug  2 10:53:19 2023]
Finished job 62.
41 of 116 steps (35%) done
[Wed Aug  2 10:53:19 2023]
Finished job 6.
42 of 116 steps (36%) done
[Wed Aug  2 10:53:19 2023]
Finished job 104.
43 of 116 steps (37%) done
[Wed Aug  2 10:53:19 2023]
Finished job 22.
44 of 116 steps (38%) done
[Wed Aug  2 10:53:19 2023]
Finished job 90.
45 of 116 steps (39%) done
[Wed Aug  2 10:53:19 2023]
Finished job 23.
46 of 116 steps (40%) done
Select jobs to execute...

[Wed Aug  2 10:53:19 2023]
rule alignment_aminogc:
    input: ../../results/06_align_sco/alignments/OG0000798.aln
    output: ../../results/09_species_phylogeny_aminoGC/alignment_pruner/alignments/OG0000798.tsv
    jobid: 47
    reason: Missing output files: ../../results/09_species_phylogeny_aminoGC/alignment_pruner/alignments/OG0000798.tsv
    wildcards: orthogroup=OG0000798
    resources: tmpdir=/tmp


[Wed Aug  2 10:53:19 2023]
rule alignment_aminogc:
    input: ../../results/06_align_sco/alignments/OG0000672.aln
    output: ../../results/09_species_phylogeny_aminoGC/alignment_pruner/alignments/OG0000672.tsv
    jobid: 89
    reason: Missing output files: ../../results/09_species_phylogeny_aminoGC/alignment_pruner/alignments/OG0000672.tsv
    wildcards: orthogroup=OG0000672
    resources: tmpdir=/tmp
Activating conda environment: ../conda-envs/7df51c0672de353cb701677334f71fa6_


Activating conda environment: ../conda-envs/7df51c0672de353cb701677334f71fa6_
[Wed Aug  2 10:53:19 2023]
rule alignment_aminogc:
    input: ../../results/06_align_sco/alignments/OG0000712.aln
    output: ../../results/09_species_phylogeny_aminoGC/alignment_pruner/alignments/OG0000712.tsv
    jobid: 75
    reason: Missing output files: ../../results/09_species_phylogeny_aminoGC/alignment_pruner/alignments/OG0000712.tsv
    wildcards: orthogroup=OG0000712
    resources: tmpdir=/tmp

Activating conda environment: ../conda-envs/7df51c0672de353cb701677334f71fa6_

[Wed Aug  2 10:53:19 2023]
rule alignment_aminogc:
    input: ../../results/06_align_sco/alignments/OG0000645.aln
    output: ../../results/09_species_phylogeny_aminoGC/alignment_pruner/alignments/OG0000645.tsv
    jobid: 7
    reason: Missing output files: ../../results/09_species_phylogeny_aminoGC/alignment_pruner/alignments/OG0000645.tsv
    wildcards: orthogroup=OG0000645
    resources: tmpdir=/tmp

Activating conda environment: ../conda-envs/7df51c0672de353cb701677334f71fa6_

[Wed Aug  2 10:53:19 2023]
rule alignment_aminogc:
    input: ../../results/06_align_sco/alignments/OG0000632.aln
    output: ../../results/09_species_phylogeny_aminoGC/alignment_pruner/alignments/OG0000632.tsv
    jobid: 13
    reason: Missing output files: ../../results/09_species_phylogeny_aminoGC/alignment_pruner/alignments/OG0000632.tsv
    wildcards: orthogroup=OG0000632
    resources: tmpdir=/tmp

Activating conda environment: ../conda-envs/7df51c0672de353cb701677334f71fa6_

[Wed Aug  2 10:53:19 2023]
rule alignment_aminogc:
    input: ../../results/06_align_sco/alignments/OG0000664.aln
    output: ../../results/09_species_phylogeny_aminoGC/alignment_pruner/alignments/OG0000664.tsv
    jobid: 40
    reason: Missing output files: ../../results/09_species_phylogeny_aminoGC/alignment_pruner/alignments/OG0000664.tsv
    wildcards: orthogroup=OG0000664
    resources: tmpdir=/tmp

Activating conda environment: ../conda-envs/7df51c0672de353cb701677334f71fa6_
[Wed Aug  2 10:53:19 2023]
Finished job 69.
47 of 116 steps (41%) done
[Wed Aug  2 10:53:19 2023]
Finished job 41.
48 of 116 steps (41%) done
Select jobs to execute...

[Wed Aug  2 10:53:19 2023]
rule alignment_aminogc:
    input: ../../results/06_align_sco/alignments/OG0000796.aln
    output: ../../results/09_species_phylogeny_aminoGC/alignment_pruner/alignments/OG0000796.tsv
    jobid: 63
    reason: Missing output files: ../../results/09_species_phylogeny_aminoGC/alignment_pruner/alignments/OG0000796.tsv
    wildcards: orthogroup=OG0000796
    resources: tmpdir=/tmp

Activating conda environment: ../conda-envs/7df51c0672de353cb701677334f71fa6_

[Wed Aug  2 10:53:19 2023]
rule alignment_aminogc:
    input: ../../results/06_align_sco/alignments/OG0000684.aln
    output: ../../results/09_species_phylogeny_aminoGC/alignment_pruner/alignments/OG0000684.tsv
    jobid: 8
    reason: Missing output files: ../../results/09_species_phylogeny_aminoGC/alignment_pruner/alignments/OG0000684.tsv
    wildcards: orthogroup=OG0000684
    resources: tmpdir=/tmp

Select jobs to execute...
Activating conda environment: ../conda-envs/7df51c0672de353cb701677334f71fa6_
[Wed Aug  2 10:53:20 2023]
Finished job 33.
49 of 116 steps (42%) done

[Wed Aug  2 10:53:20 2023]
rule alignment_aminogc:
    input: ../../results/06_align_sco/alignments/OG0000642.aln
    output: ../../results/09_species_phylogeny_aminoGC/alignment_pruner/alignments/OG0000642.tsv
    jobid: 32
    reason: Missing output files: ../../results/09_species_phylogeny_aminoGC/alignment_pruner/alignments/OG0000642.tsv
    wildcards: orthogroup=OG0000642
    resources: tmpdir=/tmp

Activating conda environment: ../conda-envs/7df51c0672de353cb701677334f71fa6_
[Wed Aug  2 10:53:20 2023]
Finished job 54.
50 of 116 steps (43%) done
[Wed Aug  2 10:53:20 2023]
Finished job 82.
51 of 116 steps (44%) done
[Wed Aug  2 10:53:20 2023]
Finished job 28.
52 of 116 steps (45%) done
[Wed Aug  2 10:53:20 2023]
Finished job 26.
53 of 116 steps (46%) done
[Wed Aug  2 10:53:20 2023]
Finished job 98.
54 of 116 steps (47%) done
Select jobs to execute...

[Wed Aug  2 10:53:20 2023]
rule alignment_aminogc:
    input: ../../results/06_align_sco/alignments/OG0000800.aln
    output: ../../results/09_species_phylogeny_aminoGC/alignment_pruner/alignments/OG0000800.tsv
    jobid: 105
    reason: Missing output files: ../../results/09_species_phylogeny_aminoGC/alignment_pruner/alignments/OG0000800.tsv
    wildcards: orthogroup=OG0000800
    resources: tmpdir=/tmp

Activating conda environment: ../conda-envs/7df51c0672de353cb701677334f71fa6_

[Wed Aug  2 10:53:20 2023]
rule alignment_aminogc:
    input: ../../results/06_align_sco/alignments/OG0000719.aln
    output: ../../results/09_species_phylogeny_aminoGC/alignment_pruner/alignments/OG0000719.tsv
    jobid: 106
    reason: Missing output files: ../../results/09_species_phylogeny_aminoGC/alignment_pruner/alignments/OG0000719.tsv
    wildcards: orthogroup=OG0000719
    resources: tmpdir=/tmp

Activating conda environment: ../conda-envs/7df51c0672de353cb701677334f71fa6_

[Wed Aug  2 10:53:20 2023]
rule alignment_aminogc:
    input: ../../results/06_align_sco/alignments/OG0000721.aln
    output: ../../results/09_species_phylogeny_aminoGC/alignment_pruner/alignments/OG0000721.tsv
    jobid: 111
    reason: Missing output files: ../../results/09_species_phylogeny_aminoGC/alignment_pruner/alignments/OG0000721.tsv
    wildcards: orthogroup=OG0000721
    resources: tmpdir=/tmp


Activating conda environment: ../conda-envs/7df51c0672de353cb701677334f71fa6_
[Wed Aug  2 10:53:20 2023]
rule alignment_aminogc:
    input: ../../results/06_align_sco/alignments/OG0000631.aln
    output: ../../results/09_species_phylogeny_aminoGC/alignment_pruner/alignments/OG0000631.tsv
    jobid: 4
    reason: Missing output files: ../../results/09_species_phylogeny_aminoGC/alignment_pruner/alignments/OG0000631.tsv
    wildcards: orthogroup=OG0000631
    resources: tmpdir=/tmp

Activating conda environment: ../conda-envs/7df51c0672de353cb701677334f71fa6_

[Wed Aug  2 10:53:20 2023]
rule alignment_aminogc:
    input: ../../results/06_align_sco/alignments/OG0000732.aln
    output: ../../results/09_species_phylogeny_aminoGC/alignment_pruner/alignments/OG0000732.tsv
    jobid: 36
    reason: Missing output files: ../../results/09_species_phylogeny_aminoGC/alignment_pruner/alignments/OG0000732.tsv
    wildcards: orthogroup=OG0000732
    resources: tmpdir=/tmp

Activating conda environment: ../conda-envs/7df51c0672de353cb701677334f71fa6_
[Wed Aug  2 10:53:20 2023]
Finished job 12.
55 of 116 steps (47%) done
Select jobs to execute...

[Wed Aug  2 10:53:20 2023]
rule alignment_aminogc:
    input: ../../results/06_align_sco/alignments/OG0000746.aln
    output: ../../results/09_species_phylogeny_aminoGC/alignment_pruner/alignments/OG0000746.tsv
    jobid: 81
    reason: Missing output files: ../../results/09_species_phylogeny_aminoGC/alignment_pruner/alignments/OG0000746.tsv
    wildcards: orthogroup=OG0000746
    resources: tmpdir=/tmp

Select jobs to execute...
Activating conda environment: ../conda-envs/7df51c0672de353cb701677334f71fa6_
[Wed Aug  2 10:53:20 2023]
Finished job 96.
56 of 116 steps (48%) done

[Wed Aug  2 10:53:29 2023]
rule alignment_aminogc:
    input: ../../results/06_align_sco/alignments/OG0000678.aln
    output: ../../results/09_species_phylogeny_aminoGC/alignment_pruner/alignments/OG0000678.tsv
    jobid: 95
    reason: Missing output files: ../../results/09_species_phylogeny_aminoGC/alignment_pruner/alignments/OG0000678.tsv
    wildcards: orthogroup=OG0000678
    resources: tmpdir=/tmp

Activating conda environment: ../conda-envs/7df51c0672de353cb701677334f71fa6_
[Wed Aug  2 10:53:29 2023]
Finished job 61.
57 of 116 steps (49%) done
[Wed Aug  2 10:53:29 2023]
Finished job 5.
58 of 116 steps (50%) done
[Wed Aug  2 10:53:29 2023]
Finished job 68.
59 of 116 steps (51%) done
[Wed Aug  2 10:53:29 2023]
Finished job 56.
60 of 116 steps (52%) done
[Wed Aug  2 10:53:29 2023]
Finished job 84.
61 of 116 steps (53%) done
[Wed Aug  2 10:53:29 2023]
Finished job 103.
62 of 116 steps (53%) done
Select jobs to execute...

[Wed Aug  2 10:53:29 2023]
rule alignment_aminogc:
    input: ../../results/06_align_sco/alignments/OG0000637.aln
    output: ../../results/09_species_phylogeny_aminoGC/alignment_pruner/alignments/OG0000637.tsv
    jobid: 14
    reason: Missing output files: ../../results/09_species_phylogeny_aminoGC/alignment_pruner/alignments/OG0000637.tsv
    wildcards: orthogroup=OG0000637
    resources: tmpdir=/tmp

Activating conda environment: ../conda-envs/7df51c0672de353cb701677334f71fa6_

[Wed Aug  2 10:53:29 2023]
rule alignment_aminogc:
    input: ../../results/06_align_sco/alignments/OG0000698.aln
    output: ../../results/09_species_phylogeny_aminoGC/alignment_pruner/alignments/OG0000698.tsv
    jobid: 42
    reason: Missing output files: ../../results/09_species_phylogeny_aminoGC/alignment_pruner/alignments/OG0000698.tsv
    wildcards: orthogroup=OG0000698
    resources: tmpdir=/tmp

Activating conda environment: ../conda-envs/7df51c0672de353cb701677334f71fa6_

[Wed Aug  2 10:53:29 2023]
rule alignment_aminogc:
    input: ../../results/06_align_sco/alignments/OG0000653.aln
    output: ../../results/09_species_phylogeny_aminoGC/alignment_pruner/alignments/OG0000653.tsv
    jobid: 91
    reason: Missing output files: ../../results/09_species_phylogeny_aminoGC/alignment_pruner/alignments/OG0000653.tsv
    wildcards: orthogroup=OG0000653
    resources: tmpdir=/tmp

Activating conda environment: ../conda-envs/7df51c0672de353cb701677334f71fa6_

[Wed Aug  2 10:53:29 2023]
rule alignment_aminogc:
    input: ../../results/06_align_sco/alignments/OG0000662.aln
    output: ../../results/09_species_phylogeny_aminoGC/alignment_pruner/alignments/OG0000662.tsv
    jobid: 27
    reason: Missing output files: ../../results/09_species_phylogeny_aminoGC/alignment_pruner/alignments/OG0000662.tsv
    wildcards: orthogroup=OG0000662
    resources: tmpdir=/tmp


Activating conda environment: ../conda-envs/7df51c0672de353cb701677334f71fa6_
[Wed Aug  2 10:53:29 2023]
rule alignment_aminogc:
    input: ../../results/06_align_sco/alignments/OG0000644.aln
    output: ../../results/09_species_phylogeny_aminoGC/alignment_pruner/alignments/OG0000644.tsv
    jobid: 83
    reason: Missing output files: ../../results/09_species_phylogeny_aminoGC/alignment_pruner/alignments/OG0000644.tsv
    wildcards: orthogroup=OG0000644
    resources: tmpdir=/tmp

Activating conda environment: ../conda-envs/7df51c0672de353cb701677334f71fa6_

[Wed Aug  2 10:53:29 2023]
rule alignment_aminogc:
    input: ../../results/06_align_sco/alignments/OG0000801.aln
    output: ../../results/09_species_phylogeny_aminoGC/alignment_pruner/alignments/OG0000801.tsv
    jobid: 55
    reason: Missing output files: ../../results/09_species_phylogeny_aminoGC/alignment_pruner/alignments/OG0000801.tsv
    wildcards: orthogroup=OG0000801
    resources: tmpdir=/tmp

Activating conda environment: ../conda-envs/7df51c0672de353cb701677334f71fa6_
[Wed Aug  2 10:53:29 2023]
Finished job 13.
63 of 116 steps (54%) done
[Wed Aug  2 10:53:29 2023]
Finished job 8.
64 of 116 steps (55%) done
[Wed Aug  2 10:53:29 2023]
Finished job 105.
65 of 116 steps (56%) done
[Wed Aug  2 10:53:29 2023]
Finished job 40.
66 of 116 steps (57%) done
[Wed Aug  2 10:53:29 2023]
Finished job 63.
67 of 116 steps (58%) done
Select jobs to execute...

[Wed Aug  2 10:53:29 2023]
rule alignment_aminogc:
    input: ../../results/06_align_sco/alignments/OG0000733.aln
    output: ../../results/09_species_phylogeny_aminoGC/alignment_pruner/alignments/OG0000733.tsv
    jobid: 109
    reason: Missing output files: ../../results/09_species_phylogeny_aminoGC/alignment_pruner/alignments/OG0000733.tsv
    wildcards: orthogroup=OG0000733
    resources: tmpdir=/tmp

Activating conda environment: ../conda-envs/7df51c0672de353cb701677334f71fa6_

[Wed Aug  2 10:53:29 2023]
rule alignment_aminogc:
    input: ../../results/06_align_sco/alignments/OG0000700.aln
    output: ../../results/09_species_phylogeny_aminoGC/alignment_pruner/alignments/OG0000700.tsv
    jobid: 30
    reason: Missing output files: ../../results/09_species_phylogeny_aminoGC/alignment_pruner/alignments/OG0000700.tsv
    wildcards: orthogroup=OG0000700
    resources: tmpdir=/tmp

Activating conda environment: ../conda-envs/7df51c0672de353cb701677334f71fa6_

[Wed Aug  2 10:53:29 2023]
rule alignment_aminogc:
    input: ../../results/06_align_sco/alignments/OG0000725.aln
    output: ../../results/09_species_phylogeny_aminoGC/alignment_pruner/alignments/OG0000725.tsv
    jobid: 58
    reason: Missing output files: ../../results/09_species_phylogeny_aminoGC/alignment_pruner/alignments/OG0000725.tsv
    wildcards: orthogroup=OG0000725
    resources: tmpdir=/tmp


Activating conda environment: ../conda-envs/7df51c0672de353cb701677334f71fa6_
[Wed Aug  2 10:53:29 2023]
rule alignment_aminogc:
    input: ../../results/06_align_sco/alignments/OG0000748.aln
    output: ../../results/09_species_phylogeny_aminoGC/alignment_pruner/alignments/OG0000748.tsv
    jobid: 2
    reason: Missing output files: ../../results/09_species_phylogeny_aminoGC/alignment_pruner/alignments/OG0000748.tsv
    wildcards: orthogroup=OG0000748
    resources: tmpdir=/tmp

Activating conda environment: ../conda-envs/7df51c0672de353cb701677334f71fa6_

[Wed Aug  2 10:53:29 2023]
rule alignment_aminogc:
    input: ../../results/06_align_sco/alignments/OG0000745.aln
    output: ../../results/09_species_phylogeny_aminoGC/alignment_pruner/alignments/OG0000745.tsv
    jobid: 92
    reason: Missing output files: ../../results/09_species_phylogeny_aminoGC/alignment_pruner/alignments/OG0000745.tsv
    wildcards: orthogroup=OG0000745
    resources: tmpdir=/tmp

Activating conda environment: ../conda-envs/7df51c0672de353cb701677334f71fa6_
[Wed Aug  2 10:53:29 2023]
Finished job 32.
68 of 116 steps (59%) done
[Wed Aug  2 10:53:29 2023]
Finished job 4.
69 of 116 steps (59%) done
[Wed Aug  2 10:53:29 2023]
Finished job 36.
70 of 116 steps (60%) done
[Wed Aug  2 10:53:29 2023]
Finished job 102.
71 of 116 steps (61%) done
[Wed Aug  2 10:53:29 2023]
Finished job 47.
72 of 116 steps (62%) done
[Wed Aug  2 10:53:29 2023]
Finished job 75.
73 of 116 steps (63%) done
[Wed Aug  2 10:53:29 2023]
Finished job 7.
74 of 116 steps (64%) done
[Wed Aug  2 10:53:29 2023]
Finished job 81.
75 of 116 steps (65%) done
[Wed Aug  2 10:53:29 2023]
Finished job 106.
76 of 116 steps (66%) done
[Wed Aug  2 10:53:29 2023]
Finished job 110.
77 of 116 steps (66%) done
[Wed Aug  2 10:53:29 2023]
Finished job 89.
78 of 116 steps (67%) done
Select jobs to execute...

[Wed Aug  2 10:53:29 2023]
rule alignment_aminogc:
    input: ../../results/06_align_sco/alignments/OG0000648.aln
    output: ../../results/09_species_phylogeny_aminoGC/alignment_pruner/alignments/OG0000648.tsv
    jobid: 60
    reason: Missing output files: ../../results/09_species_phylogeny_aminoGC/alignment_pruner/alignments/OG0000648.tsv
    wildcards: orthogroup=OG0000648
    resources: tmpdir=/tmp

Activating conda environment: ../conda-envs/7df51c0672de353cb701677334f71fa6_

[Wed Aug  2 10:53:29 2023]
rule alignment_aminogc:
    input: ../../results/06_align_sco/alignments/OG0000794.aln
    output: ../../results/09_species_phylogeny_aminoGC/alignment_pruner/alignments/OG0000794.tsv
    jobid: 66
    reason: Missing output files: ../../results/09_species_phylogeny_aminoGC/alignment_pruner/alignments/OG0000794.tsv
    wildcards: orthogroup=OG0000794
    resources: tmpdir=/tmp

Activating conda environment: ../conda-envs/7df51c0672de353cb701677334f71fa6_

[Wed Aug  2 10:53:29 2023]
rule alignment_aminogc:
    input: ../../results/06_align_sco/alignments/OG0000758.aln
    output: ../../results/09_species_phylogeny_aminoGC/alignment_pruner/alignments/OG0000758.tsv
    jobid: 64
    reason: Missing output files: ../../results/09_species_phylogeny_aminoGC/alignment_pruner/alignments/OG0000758.tsv
    wildcards: orthogroup=OG0000758
    resources: tmpdir=/tmp

Activating conda environment: ../conda-envs/7df51c0672de353cb701677334f71fa6_

[Wed Aug  2 10:53:29 2023]
rule alignment_aminogc:
    input: ../../results/06_align_sco/alignments/OG0000628.aln
    output: ../../results/09_species_phylogeny_aminoGC/alignment_pruner/alignments/OG0000628.tsv
    jobid: 35
    reason: Missing output files: ../../results/09_species_phylogeny_aminoGC/alignment_pruner/alignments/OG0000628.tsv
    wildcards: orthogroup=OG0000628
    resources: tmpdir=/tmp


Activating conda environment: ../conda-envs/7df51c0672de353cb701677334f71fa6_
[Wed Aug  2 10:53:29 2023]
rule alignment_aminogc:
    input: ../../results/06_align_sco/alignments/OG0000621.aln
    output: ../../results/09_species_phylogeny_aminoGC/alignment_pruner/alignments/OG0000621.tsv
    jobid: 49
    reason: Missing output files: ../../results/09_species_phylogeny_aminoGC/alignment_pruner/alignments/OG0000621.tsv
    wildcards: orthogroup=OG0000621
    resources: tmpdir=/tmp

Activating conda environment: ../conda-envs/7df51c0672de353cb701677334f71fa6_

[Wed Aug  2 10:53:29 2023]
rule alignment_aminogc:
    input: ../../results/06_align_sco/alignments/OG0000649.aln
    output: ../../results/09_species_phylogeny_aminoGC/alignment_pruner/alignments/OG0000649.tsv
    jobid: 65
    reason: Missing output files: ../../results/09_species_phylogeny_aminoGC/alignment_pruner/alignments/OG0000649.tsv
    wildcards: orthogroup=OG0000649
    resources: tmpdir=/tmp

Activating conda environment: ../conda-envs/7df51c0672de353cb701677334f71fa6_

[Wed Aug  2 10:53:29 2023]
rule alignment_aminogc:
    input: ../../results/06_align_sco/alignments/OG0000766.aln
    output: ../../results/09_species_phylogeny_aminoGC/alignment_pruner/alignments/OG0000766.tsv
    jobid: 9
    reason: Missing output files: ../../results/09_species_phylogeny_aminoGC/alignment_pruner/alignments/OG0000766.tsv
    wildcards: orthogroup=OG0000766
    resources: tmpdir=/tmp

Activating conda environment: ../conda-envs/7df51c0672de353cb701677334f71fa6_

[Wed Aug  2 10:53:29 2023]
rule alignment_aminogc:
    input: ../../results/06_align_sco/alignments/OG0000643.aln
    output: ../../results/09_species_phylogeny_aminoGC/alignment_pruner/alignments/OG0000643.tsv
    jobid: 108
    reason: Missing output files: ../../results/09_species_phylogeny_aminoGC/alignment_pruner/alignments/OG0000643.tsv
    wildcards: orthogroup=OG0000643
    resources: tmpdir=/tmp

Activating conda environment: ../conda-envs/7df51c0672de353cb701677334f71fa6_

[Wed Aug  2 10:53:29 2023]
rule alignment_aminogc:
    input: ../../results/06_align_sco/alignments/OG0000729.aln
    output: ../../results/09_species_phylogeny_aminoGC/alignment_pruner/alignments/OG0000729.tsv
    jobid: 10
    reason: Missing output files: ../../results/09_species_phylogeny_aminoGC/alignment_pruner/alignments/OG0000729.tsv
    wildcards: orthogroup=OG0000729
    resources: tmpdir=/tmp

Activating conda environment: ../conda-envs/7df51c0672de353cb701677334f71fa6_

[Wed Aug  2 10:53:29 2023]
rule alignment_aminogc:
    input: ../../results/06_align_sco/alignments/OG0000666.aln
    output: ../../results/09_species_phylogeny_aminoGC/alignment_pruner/alignments/OG0000666.tsv
    jobid: 78
    reason: Missing output files: ../../results/09_species_phylogeny_aminoGC/alignment_pruner/alignments/OG0000666.tsv
    wildcards: orthogroup=OG0000666
    resources: tmpdir=/tmp

Activating conda environment: ../conda-envs/7df51c0672de353cb701677334f71fa6_

[Wed Aug  2 10:53:29 2023]
rule alignment_aminogc:
    input: ../../results/06_align_sco/alignments/OG0000724.aln
    output: ../../results/09_species_phylogeny_aminoGC/alignment_pruner/alignments/OG0000724.tsv
    jobid: 38
    reason: Missing output files: ../../results/09_species_phylogeny_aminoGC/alignment_pruner/alignments/OG0000724.tsv
    wildcards: orthogroup=OG0000724
    resources: tmpdir=/tmp

Activating conda environment: ../conda-envs/7df51c0672de353cb701677334f71fa6_
[Wed Aug  2 10:53:29 2023]
Finished job 111.
79 of 116 steps (68%) done
Select jobs to execute...

[Wed Aug  2 10:53:29 2023]
rule alignment_aminogc:
    input: ../../results/06_align_sco/alignments/OG0000639.aln
    output: ../../results/09_species_phylogeny_aminoGC/alignment_pruner/alignments/OG0000639.tsv
    jobid: 25
    reason: Missing output files: ../../results/09_species_phylogeny_aminoGC/alignment_pruner/alignments/OG0000639.tsv
    wildcards: orthogroup=OG0000639
    resources: tmpdir=/tmp

Select jobs to execute...
Activating conda environment: ../conda-envs/7df51c0672de353cb701677334f71fa6_
[Wed Aug  2 10:53:30 2023]
Finished job 58.
80 of 116 steps (69%) done

[Wed Aug  2 10:53:30 2023]
rule alignment_aminogc:
    input: ../../results/06_align_sco/alignments/OG0000726.aln
    output: ../../results/09_species_phylogeny_aminoGC/alignment_pruner/alignments/OG0000726.tsv
    jobid: 53
    reason: Missing output files: ../../results/09_species_phylogeny_aminoGC/alignment_pruner/alignments/OG0000726.tsv
    wildcards: orthogroup=OG0000726
    resources: tmpdir=/tmp

Activating conda environment: ../conda-envs/7df51c0672de353cb701677334f71fa6_
[Wed Aug  2 10:53:30 2023]
Finished job 42.
81 of 116 steps (70%) done
Select jobs to execute...

[Wed Aug  2 10:53:30 2023]
rule alignment_aminogc:
    input: ../../results/06_align_sco/alignments/OG0000616.aln
    output: ../../results/09_species_phylogeny_aminoGC/alignment_pruner/alignments/OG0000616.tsv
    jobid: 94
    reason: Missing output files: ../../results/09_species_phylogeny_aminoGC/alignment_pruner/alignments/OG0000616.tsv
    wildcards: orthogroup=OG0000616
    resources: tmpdir=/tmp

Activating conda environment: ../conda-envs/7df51c0672de353cb701677334f71fa6_
[Wed Aug  2 10:53:30 2023]
Finished job 83.
82 of 116 steps (71%) done
[Wed Aug  2 10:53:30 2023]
Finished job 27.
83 of 116 steps (72%) done
Select jobs to execute...

[Wed Aug  2 10:53:30 2023]
rule alignment_aminogc:
    input: ../../results/06_align_sco/alignments/OG0000620.aln
    output: ../../results/09_species_phylogeny_aminoGC/alignment_pruner/alignments/OG0000620.tsv
    jobid: 57
    reason: Missing output files: ../../results/09_species_phylogeny_aminoGC/alignment_pruner/alignments/OG0000620.tsv
    wildcards: orthogroup=OG0000620
    resources: tmpdir=/tmp

Activating conda environment: ../conda-envs/7df51c0672de353cb701677334f71fa6_

[Wed Aug  2 10:53:30 2023]
rule alignment_aminogc:
    input: ../../results/06_align_sco/alignments/OG0000716.aln
    output: ../../results/09_species_phylogeny_aminoGC/alignment_pruner/alignments/OG0000716.tsv
    jobid: 99
    reason: Missing output files: ../../results/09_species_phylogeny_aminoGC/alignment_pruner/alignments/OG0000716.tsv
    wildcards: orthogroup=OG0000716
    resources: tmpdir=/tmp

Select jobs to execute...
Activating conda environment: ../conda-envs/7df51c0672de353cb701677334f71fa6_
[Wed Aug  2 10:53:30 2023]
Finished job 91.
84 of 116 steps (72%) done

[Wed Aug  2 10:53:30 2023]
rule alignment_aminogc:
    input: ../../results/06_align_sco/alignments/OG0000728.aln
    output: ../../results/09_species_phylogeny_aminoGC/alignment_pruner/alignments/OG0000728.tsv
    jobid: 67
    reason: Missing output files: ../../results/09_species_phylogeny_aminoGC/alignment_pruner/alignments/OG0000728.tsv
    wildcards: orthogroup=OG0000728
    resources: tmpdir=/tmp

Activating conda environment: ../conda-envs/7df51c0672de353cb701677334f71fa6_
[Wed Aug  2 10:53:30 2023]
Finished job 14.
85 of 116 steps (73%) done
[Wed Aug  2 10:53:30 2023]
Finished job 60.
86 of 116 steps (74%) done
[Wed Aug  2 10:53:30 2023]
Finished job 92.
87 of 116 steps (75%) done
[Wed Aug  2 10:53:30 2023]
Finished job 108.
88 of 116 steps (76%) done
Select jobs to execute...

[Wed Aug  2 10:53:30 2023]
rule alignment_aminogc:
    input: ../../results/06_align_sco/alignments/OG0000750.aln
    output: ../../results/09_species_phylogeny_aminoGC/alignment_pruner/alignments/OG0000750.tsv
    jobid: 101
    reason: Missing output files: ../../results/09_species_phylogeny_aminoGC/alignment_pruner/alignments/OG0000750.tsv
    wildcards: orthogroup=OG0000750
    resources: tmpdir=/tmp

Activating conda environment: ../conda-envs/7df51c0672de353cb701677334f71fa6_

[Wed Aug  2 10:53:30 2023]
rule alignment_aminogc:
    input: ../../results/06_align_sco/alignments/OG0000677.aln
    output: ../../results/09_species_phylogeny_aminoGC/alignment_pruner/alignments/OG0000677.tsv
    jobid: 31
    reason: Missing output files: ../../results/09_species_phylogeny_aminoGC/alignment_pruner/alignments/OG0000677.tsv
    wildcards: orthogroup=OG0000677
    resources: tmpdir=/tmp

Activating conda environment: ../conda-envs/7df51c0672de353cb701677334f71fa6_

[Wed Aug  2 10:53:30 2023]
rule alignment_aminogc:
    input: ../../results/06_align_sco/alignments/OG0000799.aln
    output: ../../results/09_species_phylogeny_aminoGC/alignment_pruner/alignments/OG0000799.tsv
    jobid: 29
    reason: Missing output files: ../../results/09_species_phylogeny_aminoGC/alignment_pruner/alignments/OG0000799.tsv
    wildcards: orthogroup=OG0000799
    resources: tmpdir=/tmp


Activating conda environment: ../conda-envs/7df51c0672de353cb701677334f71fa6_
[Wed Aug  2 10:53:30 2023]
rule alignment_aminogc:
    input: ../../results/06_align_sco/alignments/OG0000627.aln
    output: ../../results/09_species_phylogeny_aminoGC/alignment_pruner/alignments/OG0000627.tsv
    jobid: 59
    reason: Missing output files: ../../results/09_species_phylogeny_aminoGC/alignment_pruner/alignments/OG0000627.tsv
    wildcards: orthogroup=OG0000627
    resources: tmpdir=/tmp

Activating conda environment: ../conda-envs/7df51c0672de353cb701677334f71fa6_
[Wed Aug  2 10:53:30 2023]
Finished job 95.
89 of 116 steps (77%) done
[Wed Aug  2 10:53:30 2023]
Finished job 78.
90 of 116 steps (78%) done
[Wed Aug  2 10:53:30 2023]
Finished job 55.
91 of 116 steps (78%) done
[Wed Aug  2 10:53:30 2023]
Finished job 64.
92 of 116 steps (79%) done
Select jobs to execute...

[Wed Aug  2 10:53:30 2023]
rule alignment_aminogc:
    input: ../../results/06_align_sco/alignments/OG0000679.aln
    output: ../../results/09_species_phylogeny_aminoGC/alignment_pruner/alignments/OG0000679.tsv
    jobid: 11
    reason: Missing output files: ../../results/09_species_phylogeny_aminoGC/alignment_pruner/alignments/OG0000679.tsv
    wildcards: orthogroup=OG0000679
    resources: tmpdir=/tmp


Activating conda environment: ../conda-envs/7df51c0672de353cb701677334f71fa6_
[Wed Aug  2 10:53:30 2023]
rule alignment_aminogc:
    input: ../../results/06_align_sco/alignments/OG0000652.aln
    output: ../../results/09_species_phylogeny_aminoGC/alignment_pruner/alignments/OG0000652.tsv
    jobid: 39
    reason: Missing output files: ../../results/09_species_phylogeny_aminoGC/alignment_pruner/alignments/OG0000652.tsv
    wildcards: orthogroup=OG0000652
    resources: tmpdir=/tmp

Activating conda environment: ../conda-envs/7df51c0672de353cb701677334f71fa6_
[Wed Aug  2 10:53:30 2023]
Finished job 109.
93 of 116 steps (80%) done
[Wed Aug  2 10:53:30 2023]
Finished job 66.
94 of 116 steps (81%) done
[Wed Aug  2 10:53:30 2023]
Finished job 10.
95 of 116 steps (82%) done
[Wed Aug  2 10:53:30 2023]
Finished job 35.
96 of 116 steps (83%) done
[Wed Aug  2 10:53:31 2023]
Finished job 30.
97 of 116 steps (84%) done
[Wed Aug  2 10:53:31 2023]
Finished job 2.
98 of 116 steps (84%) done
[Wed Aug  2 10:53:31 2023]
Finished job 65.
99 of 116 steps (85%) done
[Wed Aug  2 10:53:31 2023]
Finished job 9.
100 of 116 steps (86%) done
[Wed Aug  2 10:53:31 2023]
Finished job 25.
101 of 116 steps (87%) done
[Wed Aug  2 10:53:31 2023]
Finished job 49.
102 of 116 steps (88%) done
[Wed Aug  2 10:53:31 2023]
Finished job 38.
103 of 116 steps (89%) done
[Wed Aug  2 10:53:31 2023]
Finished job 53.
104 of 116 steps (90%) done
[Wed Aug  2 10:53:31 2023]
Finished job 57.
105 of 116 steps (91%) done
[Wed Aug  2 10:53:31 2023]
Finished job 67.
106 of 116 steps (91%) done
[Wed Aug  2 10:53:31 2023]
Finished job 94.
107 of 116 steps (92%) done
[Wed Aug  2 10:53:31 2023]
Finished job 99.
108 of 116 steps (93%) done
[Wed Aug  2 10:53:31 2023]
Finished job 101.
109 of 116 steps (94%) done
[Wed Aug  2 10:53:31 2023]
Finished job 31.
110 of 116 steps (95%) done
[Wed Aug  2 10:53:31 2023]
Finished job 29.
111 of 116 steps (96%) done
[Wed Aug  2 10:53:31 2023]
Finished job 59.
112 of 116 steps (97%) done
[Wed Aug  2 10:53:31 2023]
Finished job 11.
113 of 116 steps (97%) done
[Wed Aug  2 10:53:31 2023]
Finished job 39.
114 of 116 steps (98%) done
Select jobs to execute...

[Wed Aug  2 10:53:31 2023]
rule parse_results:
    input: ../../results/09_species_phylogeny_aminoGC/alignment_pruner/alignments/OG0000748.tsv, ../../results/09_species_phylogeny_aminoGC/alignment_pruner/alignments/OG0000771.tsv, ../../results/09_species_phylogeny_aminoGC/alignment_pruner/alignments/OG0000631.tsv, ../../results/09_species_phylogeny_aminoGC/alignment_pruner/alignments/OG0000740.tsv, ../../results/09_species_phylogeny_aminoGC/alignment_pruner/alignments/OG0000695.tsv, ../../results/09_species_phylogeny_aminoGC/alignment_pruner/alignments/OG0000645.tsv, ../../results/09_species_phylogeny_aminoGC/alignment_pruner/alignments/OG0000684.tsv, ../../results/09_species_phylogeny_aminoGC/alignment_pruner/alignments/OG0000766.tsv, ../../results/09_species_phylogeny_aminoGC/alignment_pruner/alignments/OG0000729.tsv, ../../results/09_species_phylogeny_aminoGC/alignment_pruner/alignments/OG0000679.tsv, ../../results/09_species_phylogeny_aminoGC/alignment_pruner/alignments/OG0000791.tsv, ../../results/09_species_phylogeny_aminoGC/alignment_pruner/alignments/OG0000632.tsv, ../../results/09_species_phylogeny_aminoGC/alignment_pruner/alignments/OG0000637.tsv, ../../results/09_species_phylogeny_aminoGC/alignment_pruner/alignments/OG0000730.tsv, ../../results/09_species_phylogeny_aminoGC/alignment_pruner/alignments/OG0000812.tsv, ../../results/09_species_phylogeny_aminoGC/alignment_pruner/alignments/OG0000638.tsv, ../../results/09_species_phylogeny_aminoGC/alignment_pruner/alignments/OG0000629.tsv, ../../results/09_species_phylogeny_aminoGC/alignment_pruner/alignments/OG0000697.tsv, ../../results/09_species_phylogeny_aminoGC/alignment_pruner/alignments/OG0000696.tsv, ../../results/09_species_phylogeny_aminoGC/alignment_pruner/alignments/OG0000636.tsv, ../../results/09_species_phylogeny_aminoGC/alignment_pruner/alignments/OG0000764.tsv, ../../results/09_species_phylogeny_aminoGC/alignment_pruner/alignments/OG0000655.tsv, ../../results/09_species_phylogeny_aminoGC/alignment_pruner/alignments/OG0000656.tsv, ../../results/09_species_phylogeny_aminoGC/alignment_pruner/alignments/OG0000639.tsv, ../../results/09_species_phylogeny_aminoGC/alignment_pruner/alignments/OG0000647.tsv, ../../results/09_species_phylogeny_aminoGC/alignment_pruner/alignments/OG0000662.tsv, ../../results/09_species_phylogeny_aminoGC/alignment_pruner/alignments/OG0000640.tsv, ../../results/09_species_phylogeny_aminoGC/alignment_pruner/alignments/OG0000799.tsv, ../../results/09_species_phylogeny_aminoGC/alignment_pruner/alignments/OG0000700.tsv, ../../results/09_species_phylogeny_aminoGC/alignment_pruner/alignments/OG0000677.tsv, ../../results/09_species_phylogeny_aminoGC/alignment_pruner/alignments/OG0000642.tsv, ../../results/09_species_phylogeny_aminoGC/alignment_pruner/alignments/OG0000710.tsv, ../../results/09_species_phylogeny_aminoGC/alignment_pruner/alignments/OG0000810.tsv, ../../results/09_species_phylogeny_aminoGC/alignment_pruner/alignments/OG0000628.tsv, ../../results/09_species_phylogeny_aminoGC/alignment_pruner/alignments/OG0000732.tsv, ../../results/09_species_phylogeny_aminoGC/alignment_pruner/alignments/OG0000626.tsv, ../../results/09_species_phylogeny_aminoGC/alignment_pruner/alignments/OG0000724.tsv, ../../results/09_species_phylogeny_aminoGC/alignment_pruner/alignments/OG0000652.tsv, ../../results/09_species_phylogeny_aminoGC/alignment_pruner/alignments/OG0000664.tsv, ../../results/09_species_phylogeny_aminoGC/alignment_pruner/alignments/OG0000692.tsv, ../../results/09_species_phylogeny_aminoGC/alignment_pruner/alignments/OG0000698.tsv, ../../results/09_species_phylogeny_aminoGC/alignment_pruner/alignments/OG0000705.tsv, ../../results/09_species_phylogeny_aminoGC/alignment_pruner/alignments/OG0000681.tsv, ../../results/09_species_phylogeny_aminoGC/alignment_pruner/alignments/OG0000735.tsv, ../../results/09_species_phylogeny_aminoGC/alignment_pruner/alignments/OG0000687.tsv, ../../results/09_species_phylogeny_aminoGC/alignment_pruner/alignments/OG0000798.tsv, ../../results/09_species_phylogeny_aminoGC/alignment_pruner/alignments/OG0000634.tsv, ../../results/09_species_phylogeny_aminoGC/alignment_pruner/alignments/OG0000621.tsv, ../../results/09_species_phylogeny_aminoGC/alignment_pruner/alignments/OG0000792.tsv, ../../results/09_species_phylogeny_aminoGC/alignment_pruner/alignments/OG0000736.tsv, ../../results/09_species_phylogeny_aminoGC/alignment_pruner/alignments/OG0000651.tsv, ../../results/09_species_phylogeny_aminoGC/alignment_pruner/alignments/OG0000726.tsv, ../../results/09_species_phylogeny_aminoGC/alignment_pruner/alignments/OG0000707.tsv, ../../results/09_species_phylogeny_aminoGC/alignment_pruner/alignments/OG0000801.tsv, ../../results/09_species_phylogeny_aminoGC/alignment_pruner/alignments/OG0000689.tsv, ../../results/09_species_phylogeny_aminoGC/alignment_pruner/alignments/OG0000620.tsv, ../../results/09_species_phylogeny_aminoGC/alignment_pruner/alignments/OG0000725.tsv, ../../results/09_species_phylogeny_aminoGC/alignment_pruner/alignments/OG0000627.tsv, ../../results/09_species_phylogeny_aminoGC/alignment_pruner/alignments/OG0000648.tsv, ../../results/09_species_phylogeny_aminoGC/alignment_pruner/alignments/OG0000690.tsv, ../../results/09_species_phylogeny_aminoGC/alignment_pruner/alignments/OG0000654.tsv, ../../results/09_species_phylogeny_aminoGC/alignment_pruner/alignments/OG0000796.tsv, ../../results/09_species_phylogeny_aminoGC/alignment_pruner/alignments/OG0000758.tsv, ../../results/09_species_phylogeny_aminoGC/alignment_pruner/alignments/OG0000649.tsv, ../../results/09_species_phylogeny_aminoGC/alignment_pruner/alignments/OG0000794.tsv, ../../results/09_species_phylogeny_aminoGC/alignment_pruner/alignments/OG0000728.tsv, ../../results/09_species_phylogeny_aminoGC/alignment_pruner/alignments/OG0000673.tsv, ../../results/09_species_phylogeny_aminoGC/alignment_pruner/alignments/OG0000802.tsv, ../../results/09_species_phylogeny_aminoGC/alignment_pruner/alignments/OG0000624.tsv, ../../results/09_species_phylogeny_aminoGC/alignment_pruner/alignments/OG0000660.tsv, ../../results/09_species_phylogeny_aminoGC/alignment_pruner/alignments/OG0000708.tsv, ../../results/09_species_phylogeny_aminoGC/alignment_pruner/alignments/OG0000688.tsv, ../../results/09_species_phylogeny_aminoGC/alignment_pruner/alignments/OG0000723.tsv, ../../results/09_species_phylogeny_aminoGC/alignment_pruner/alignments/OG0000712.tsv, ../../results/09_species_phylogeny_aminoGC/alignment_pruner/alignments/OG0000718.tsv, ../../results/09_species_phylogeny_aminoGC/alignment_pruner/alignments/OG0000759.tsv, ../../results/09_species_phylogeny_aminoGC/alignment_pruner/alignments/OG0000666.tsv, ../../results/09_species_phylogeny_aminoGC/alignment_pruner/alignments/OG0000635.tsv, ../../results/09_species_phylogeny_aminoGC/alignment_pruner/alignments/OG0000630.tsv, ../../results/09_species_phylogeny_aminoGC/alignment_pruner/alignments/OG0000746.tsv, ../../results/09_species_phylogeny_aminoGC/alignment_pruner/alignments/OG0000734.tsv, ../../results/09_species_phylogeny_aminoGC/alignment_pruner/alignments/OG0000644.tsv, ../../results/09_species_phylogeny_aminoGC/alignment_pruner/alignments/OG0000682.tsv, ../../results/09_species_phylogeny_aminoGC/alignment_pruner/alignments/OG0000767.tsv, ../../results/09_species_phylogeny_aminoGC/alignment_pruner/alignments/OG0000675.tsv, ../../results/09_species_phylogeny_aminoGC/alignment_pruner/alignments/OG0000711.tsv, ../../results/09_species_phylogeny_aminoGC/alignment_pruner/alignments/OG0000667.tsv, ../../results/09_species_phylogeny_aminoGC/alignment_pruner/alignments/OG0000672.tsv, ../../results/09_species_phylogeny_aminoGC/alignment_pruner/alignments/OG0000787.tsv, ../../results/09_species_phylogeny_aminoGC/alignment_pruner/alignments/OG0000653.tsv, ../../results/09_species_phylogeny_aminoGC/alignment_pruner/alignments/OG0000745.tsv, ../../results/09_species_phylogeny_aminoGC/alignment_pruner/alignments/OG0000674.tsv, ../../results/09_species_phylogeny_aminoGC/alignment_pruner/alignments/OG0000616.tsv, ../../results/09_species_phylogeny_aminoGC/alignment_pruner/alignments/OG0000678.tsv, ../../results/09_species_phylogeny_aminoGC/alignment_pruner/alignments/OG0000646.tsv, ../../results/09_species_phylogeny_aminoGC/alignment_pruner/alignments/OG0000768.tsv, ../../results/09_species_phylogeny_aminoGC/alignment_pruner/alignments/OG0000625.tsv, ../../results/09_species_phylogeny_aminoGC/alignment_pruner/alignments/OG0000716.tsv, ../../results/09_species_phylogeny_aminoGC/alignment_pruner/alignments/OG0000670.tsv, ../../results/09_species_phylogeny_aminoGC/alignment_pruner/alignments/OG0000750.tsv, ../../results/09_species_phylogeny_aminoGC/alignment_pruner/alignments/OG0000641.tsv, ../../results/09_species_phylogeny_aminoGC/alignment_pruner/alignments/OG0000783.tsv, ../../results/09_species_phylogeny_aminoGC/alignment_pruner/alignments/OG0000739.tsv, ../../results/09_species_phylogeny_aminoGC/alignment_pruner/alignments/OG0000800.tsv, ../../results/09_species_phylogeny_aminoGC/alignment_pruner/alignments/OG0000719.tsv, ../../results/09_species_phylogeny_aminoGC/alignment_pruner/alignments/OG0000665.tsv, ../../results/09_species_phylogeny_aminoGC/alignment_pruner/alignments/OG0000643.tsv, ../../results/09_species_phylogeny_aminoGC/alignment_pruner/alignments/OG0000733.tsv, ../../results/09_species_phylogeny_aminoGC/alignment_pruner/alignments/OG0000706.tsv, ../../results/09_species_phylogeny_aminoGC/alignment_pruner/alignments/OG0000721.tsv, ../../results/09_species_phylogeny_aminoGC/alignment_pruner/alignments/OG0000685.tsv, ../../results/09_species_phylogeny_aminoGC/alignment_pruner/alignments/OG0000633.tsv, ../../results/09_species_phylogeny_aminoGC/alignment_pruner/alignments/OG0000762.tsv, ../../results/09_species_phylogeny_aminoGC/alignment_pruner/alignments/OG0000717.tsv
    output: ../../results/09_species_phylogeny_aminoGC/aminoGC_high/orthogroups.txt, ../../results/09_species_phylogeny_aminoGC/aminoGC_low/orthogroups.txt, ../../results/09_species_phylogeny_aminoGC/aminoGC.tsv
    jobid: 1
    reason: Missing output files: ../../results/09_species_phylogeny_aminoGC/aminoGC_high/orthogroups.txt, ../../results/09_species_phylogeny_aminoGC/aminoGC.tsv, ../../results/09_species_phylogeny_aminoGC/aminoGC_low/orthogroups.txt; Input files updated by another job: ../../results/09_species_phylogeny_aminoGC/alignment_pruner/alignments/OG0000684.tsv, ../../results/09_species_phylogeny_aminoGC/alignment_pruner/alignments/OG0000647.tsv, ../../results/09_species_phylogeny_aminoGC/alignment_pruner/alignments/OG0000679.tsv, ../../results/09_species_phylogeny_aminoGC/alignment_pruner/alignments/OG0000692.tsv, ../../results/09_species_phylogeny_aminoGC/alignment_pruner/alignments/OG0000707.tsv, ../../results/09_species_phylogeny_aminoGC/alignment_pruner/alignments/OG0000764.tsv, ../../results/09_species_phylogeny_aminoGC/alignment_pruner/alignments/OG0000633.tsv, ../../results/09_species_phylogeny_aminoGC/alignment_pruner/alignments/OG0000812.tsv, ../../results/09_species_phylogeny_aminoGC/alignment_pruner/alignments/OG0000662.tsv, ../../results/09_species_phylogeny_aminoGC/alignment_pruner/alignments/OG0000624.tsv, ../../results/09_species_phylogeny_aminoGC/alignment_pruner/alignments/OG0000687.tsv, ../../results/09_species_phylogeny_aminoGC/alignment_pruner/alignments/OG0000700.tsv, ../../results/09_species_phylogeny_aminoGC/alignment_pruner/alignments/OG0000643.tsv, ../../results/09_species_phylogeny_aminoGC/alignment_pruner/alignments/OG0000724.tsv, ../../results/09_species_phylogeny_aminoGC/alignment_pruner/alignments/OG0000644.tsv, ../../results/09_species_phylogeny_aminoGC/alignment_pruner/alignments/OG0000802.tsv, ../../results/09_species_phylogeny_aminoGC/alignment_pruner/alignments/OG0000734.tsv, ../../results/09_species_phylogeny_aminoGC/alignment_pruner/alignments/OG0000767.tsv, ../../results/09_species_phylogeny_aminoGC/alignment_pruner/alignments/OG0000616.tsv, ../../results/09_species_phylogeny_aminoGC/alignment_pruner/alignments/OG0000766.tsv, ../../results/09_species_phylogeny_aminoGC/alignment_pruner/alignments/OG0000642.tsv, ../../results/09_species_phylogeny_aminoGC/alignment_pruner/alignments/OG0000733.tsv, ../../results/09_species_phylogeny_aminoGC/alignment_pruner/alignments/OG0000717.tsv, ../../results/09_species_phylogeny_aminoGC/alignment_pruner/alignments/OG0000639.tsv, ../../results/09_species_phylogeny_aminoGC/alignment_pruner/alignments/OG0000641.tsv, ../../results/09_species_phylogeny_aminoGC/alignment_pruner/alignments/OG0000721.tsv, ../../results/09_species_phylogeny_aminoGC/alignment_pruner/alignments/OG0000762.tsv, ../../results/09_species_phylogeny_aminoGC/alignment_pruner/alignments/OG0000759.tsv, ../../results/09_species_phylogeny_aminoGC/alignment_pruner/alignments/OG0000783.tsv, ../../results/09_species_phylogeny_aminoGC/alignment_pruner/alignments/OG0000638.tsv, ../../results/09_species_phylogeny_aminoGC/alignment_pruner/alignments/OG0000637.tsv, ../../results/09_species_phylogeny_aminoGC/alignment_pruner/alignments/OG0000689.tsv, ../../results/09_species_phylogeny_aminoGC/alignment_pruner/alignments/OG0000739.tsv, ../../results/09_species_phylogeny_aminoGC/alignment_pruner/alignments/OG0000620.tsv, ../../results/09_species_phylogeny_aminoGC/alignment_pruner/alignments/OG0000632.tsv, ../../results/09_species_phylogeny_aminoGC/alignment_pruner/alignments/OG0000682.tsv, ../../results/09_species_phylogeny_aminoGC/alignment_pruner/alignments/OG0000674.tsv, ../../results/09_species_phylogeny_aminoGC/alignment_pruner/alignments/OG0000748.tsv, ../../results/09_species_phylogeny_aminoGC/alignment_pruner/alignments/OG0000801.tsv, ../../results/09_species_phylogeny_aminoGC/alignment_pruner/alignments/OG0000665.tsv, ../../results/09_species_phylogeny_aminoGC/alignment_pruner/alignments/OG0000810.tsv, ../../results/09_species_phylogeny_aminoGC/alignment_pruner/alignments/OG0000664.tsv, ../../results/09_species_phylogeny_aminoGC/alignment_pruner/alignments/OG0000673.tsv, ../../results/09_species_phylogeny_aminoGC/alignment_pruner/alignments/OG0000672.tsv, ../../results/09_species_phylogeny_aminoGC/alignment_pruner/alignments/OG0000656.tsv, ../../results/09_species_phylogeny_aminoGC/alignment_pruner/alignments/OG0000800.tsv, ../../results/09_species_phylogeny_aminoGC/alignment_pruner/alignments/OG0000726.tsv, ../../results/09_species_phylogeny_aminoGC/alignment_pruner/alignments/OG0000725.tsv, ../../results/09_species_phylogeny_aminoGC/alignment_pruner/alignments/OG0000745.tsv, ../../results/09_species_phylogeny_aminoGC/alignment_pruner/alignments/OG0000670.tsv, ../../results/09_species_phylogeny_aminoGC/alignment_pruner/alignments/OG0000690.tsv, ../../results/09_species_phylogeny_aminoGC/alignment_pruner/alignments/OG0000735.tsv, ../../results/09_species_phylogeny_aminoGC/alignment_pruner/alignments/OG0000621.tsv, ../../results/09_species_phylogeny_aminoGC/alignment_pruner/alignments/OG0000723.tsv, ../../results/09_species_phylogeny_aminoGC/alignment_pruner/alignments/OG0000681.tsv, ../../results/09_species_phylogeny_aminoGC/alignment_pruner/alignments/OG0000736.tsv, ../../results/09_species_phylogeny_aminoGC/alignment_pruner/alignments/OG0000631.tsv, ../../results/09_species_phylogeny_aminoGC/alignment_pruner/alignments/OG0000740.tsv, ../../results/09_species_phylogeny_aminoGC/alignment_pruner/alignments/OG0000654.tsv, ../../results/09_species_phylogeny_aminoGC/alignment_pruner/alignments/OG0000688.tsv, ../../results/09_species_phylogeny_aminoGC/alignment_pruner/alignments/OG0000625.tsv, ../../results/09_species_phylogeny_aminoGC/alignment_pruner/alignments/OG0000787.tsv, ../../results/09_species_phylogeny_aminoGC/alignment_pruner/alignments/OG0000705.tsv, ../../results/09_species_phylogeny_aminoGC/alignment_pruner/alignments/OG0000716.tsv, ../../results/09_species_phylogeny_aminoGC/alignment_pruner/alignments/OG0000677.tsv, ../../results/09_species_phylogeny_aminoGC/alignment_pruner/alignments/OG0000706.tsv, ../../results/09_species_phylogeny_aminoGC/alignment_pruner/alignments/OG0000728.tsv, ../../results/09_species_phylogeny_aminoGC/alignment_pruner/alignments/OG0000655.tsv, ../../results/09_species_phylogeny_aminoGC/alignment_pruner/alignments/OG0000626.tsv, ../../results/09_species_phylogeny_aminoGC/alignment_pruner/alignments/OG0000712.tsv, ../../results/09_species_phylogeny_aminoGC/alignment_pruner/alignments/OG0000796.tsv, ../../results/09_species_phylogeny_aminoGC/alignment_pruner/alignments/OG0000640.tsv, ../../results/09_species_phylogeny_aminoGC/alignment_pruner/alignments/OG0000652.tsv, ../../results/09_species_phylogeny_aminoGC/alignment_pruner/alignments/OG0000627.tsv, ../../results/09_species_phylogeny_aminoGC/alignment_pruner/alignments/OG0000750.tsv, ../../results/09_species_phylogeny_aminoGC/alignment_pruner/alignments/OG0000719.tsv, ../../results/09_species_phylogeny_aminoGC/alignment_pruner/alignments/OG0000746.tsv, ../../results/09_species_phylogeny_aminoGC/alignment_pruner/alignments/OG0000660.tsv, ../../results/09_species_phylogeny_aminoGC/alignment_pruner/alignments/OG0000729.tsv, ../../results/09_species_phylogeny_aminoGC/alignment_pruner/alignments/OG0000771.tsv, ../../results/09_species_phylogeny_aminoGC/alignment_pruner/alignments/OG0000758.tsv, ../../results/09_species_phylogeny_aminoGC/alignment_pruner/alignments/OG0000695.tsv, ../../results/09_species_phylogeny_aminoGC/alignment_pruner/alignments/OG0000629.tsv, ../../results/09_species_phylogeny_aminoGC/alignment_pruner/alignments/OG0000794.tsv, ../../results/09_species_phylogeny_aminoGC/alignment_pruner/alignments/OG0000648.tsv, ../../results/09_species_phylogeny_aminoGC/alignment_pruner/alignments/OG0000636.tsv, ../../results/09_species_phylogeny_aminoGC/alignment_pruner/alignments/OG0000768.tsv, ../../results/09_species_phylogeny_aminoGC/alignment_pruner/alignments/OG0000635.tsv, ../../results/09_species_phylogeny_aminoGC/alignment_pruner/alignments/OG0000798.tsv, ../../results/09_species_phylogeny_aminoGC/alignment_pruner/alignments/OG0000675.tsv, ../../results/09_species_phylogeny_aminoGC/alignment_pruner/alignments/OG0000698.tsv, ../../results/09_species_phylogeny_aminoGC/alignment_pruner/alignments/OG0000628.tsv, ../../results/09_species_phylogeny_aminoGC/alignment_pruner/alignments/OG0000685.tsv, ../../results/09_species_phylogeny_aminoGC/alignment_pruner/alignments/OG0000667.tsv, ../../results/09_species_phylogeny_aminoGC/alignment_pruner/alignments/OG0000630.tsv, ../../results/09_species_phylogeny_aminoGC/alignment_pruner/alignments/OG0000696.tsv, ../../results/09_species_phylogeny_aminoGC/alignment_pruner/alignments/OG0000799.tsv, ../../results/09_species_phylogeny_aminoGC/alignment_pruner/alignments/OG0000791.tsv, ../../results/09_species_phylogeny_aminoGC/alignment_pruner/alignments/OG0000651.tsv, ../../results/09_species_phylogeny_aminoGC/alignment_pruner/alignments/OG0000708.tsv, ../../results/09_species_phylogeny_aminoGC/alignment_pruner/alignments/OG0000718.tsv, ../../results/09_species_phylogeny_aminoGC/alignment_pruner/alignments/OG0000678.tsv, ../../results/09_species_phylogeny_aminoGC/alignment_pruner/alignments/OG0000666.tsv, ../../results/09_species_phylogeny_aminoGC/alignment_pruner/alignments/OG0000730.tsv, ../../results/09_species_phylogeny_aminoGC/alignment_pruner/alignments/OG0000792.tsv, ../../results/09_species_phylogeny_aminoGC/alignment_pruner/alignments/OG0000697.tsv, ../../results/09_species_phylogeny_aminoGC/alignment_pruner/alignments/OG0000732.tsv, ../../results/09_species_phylogeny_aminoGC/alignment_pruner/alignments/OG0000710.tsv, ../../results/09_species_phylogeny_aminoGC/alignment_pruner/alignments/OG0000653.tsv, ../../results/09_species_phylogeny_aminoGC/alignment_pruner/alignments/OG0000649.tsv, ../../results/09_species_phylogeny_aminoGC/alignment_pruner/alignments/OG0000711.tsv, ../../results/09_species_phylogeny_aminoGC/alignment_pruner/alignments/OG0000634.tsv, ../../results/09_species_phylogeny_aminoGC/alignment_pruner/alignments/OG0000646.tsv, ../../results/09_species_phylogeny_aminoGC/alignment_pruner/alignments/OG0000645.tsv; Set of input files has changed since last execution
    resources: tmpdir=/tmp

[Wed Aug  2 10:53:32 2023]
Finished job 1.
115 of 116 steps (99%) done
Select jobs to execute...

[Wed Aug  2 10:53:32 2023]
localrule all:
    input: ../../results/09_species_phylogeny_aminoGC/aminoGC_low/orthogroups.txt, ../../results/09_species_phylogeny_aminoGC/aminoGC_high/orthogroups.txt, ../../results/09_species_phylogeny_aminoGC/aminoGC.tsv
    jobid: 0
    reason: Input files updated by another job: ../../results/09_species_phylogeny_aminoGC/aminoGC.tsv, ../../results/09_species_phylogeny_aminoGC/aminoGC_high/orthogroups.txt, ../../results/09_species_phylogeny_aminoGC/aminoGC_low/orthogroups.txt
    resources: tmpdir=/tmp

[Wed Aug  2 10:53:32 2023]
Finished job 0.
116 of 116 steps (100%) done
Complete log: .snakemake/log/2023-08-02T105313.873496.snakemake.log
