Building DAG of jobs...
Your conda installation is not configured to use strict channel priorities. This is however crucial for having robust and correct environments (for details, see https://conda-forge.org/docs/user/tipsandtricks.html). Please consider to configure strict priorities by executing 'conda config --set channel_priority strict'.
Using shell: /bin/bash
Provided cores: 24
Rules claiming more threads will be scaled down.
Job stats:
job                  count    min threads    max threads
-----------------  -------  -------------  -------------
alignment_aminogc      114              1              1
all                      1              1              1
parse_results            1              1              1
total                  116              1              1

Select jobs to execute...

[Wed Aug  2 10:35:42 2023]
rule alignment_aminogc:
    input: ../../results/07_align_sco/alignments/OG0000735.aln
    output: ../../results/09_species_phylogeny_aminoGC/alignment_pruner/alignments/OG0000735.tsv
    jobid: 45
    reason: Missing output files: ../../results/09_species_phylogeny_aminoGC/alignment_pruner/alignments/OG0000735.tsv
    wildcards: orthogroup=OG0000735
    resources: tmpdir=/tmp

Activating conda environment: ../conda-envs/700127768fcc9e2970b58b3c8b121fbe_

[Wed Aug  2 10:35:42 2023]
rule alignment_aminogc:
    input: ../../results/07_align_sco/alignments/OG0000771.aln
    output: ../../results/09_species_phylogeny_aminoGC/alignment_pruner/alignments/OG0000771.tsv
    jobid: 3
    reason: Missing output files: ../../results/09_species_phylogeny_aminoGC/alignment_pruner/alignments/OG0000771.tsv
    wildcards: orthogroup=OG0000771
    resources: tmpdir=/tmp

Activating conda environment: ../conda-envs/700127768fcc9e2970b58b3c8b121fbe_

[Wed Aug  2 10:35:42 2023]
rule alignment_aminogc:
    input: ../../results/07_align_sco/alignments/OG0000627.aln
    output: ../../results/09_species_phylogeny_aminoGC/alignment_pruner/alignments/OG0000627.tsv
    jobid: 59
    reason: Missing output files: ../../results/09_species_phylogeny_aminoGC/alignment_pruner/alignments/OG0000627.tsv
    wildcards: orthogroup=OG0000627
    resources: tmpdir=/tmp

Activating conda environment: ../conda-envs/700127768fcc9e2970b58b3c8b121fbe_

[Wed Aug  2 10:35:42 2023]
rule alignment_aminogc:
    input: ../../results/07_align_sco/alignments/OG0000638.aln
    output: ../../results/09_species_phylogeny_aminoGC/alignment_pruner/alignments/OG0000638.tsv
    jobid: 17
    reason: Missing output files: ../../results/09_species_phylogeny_aminoGC/alignment_pruner/alignments/OG0000638.tsv
    wildcards: orthogroup=OG0000638
    resources: tmpdir=/tmp

Activating conda environment: ../conda-envs/700127768fcc9e2970b58b3c8b121fbe_

[Wed Aug  2 10:35:42 2023]
rule alignment_aminogc:
    input: ../../results/07_align_sco/alignments/OG0000677.aln
    output: ../../results/09_species_phylogeny_aminoGC/alignment_pruner/alignments/OG0000677.tsv
    jobid: 31
    reason: Missing output files: ../../results/09_species_phylogeny_aminoGC/alignment_pruner/alignments/OG0000677.tsv
    wildcards: orthogroup=OG0000677
    resources: tmpdir=/tmp

Activating conda environment: ../conda-envs/700127768fcc9e2970b58b3c8b121fbe_

[Wed Aug  2 10:35:42 2023]
rule alignment_aminogc:
    input: ../../results/07_align_sco/alignments/OG0000688.aln
    output: ../../results/09_species_phylogeny_aminoGC/alignment_pruner/alignments/OG0000688.tsv
    jobid: 73
    reason: Missing output files: ../../results/09_species_phylogeny_aminoGC/alignment_pruner/alignments/OG0000688.tsv
    wildcards: orthogroup=OG0000688
    resources: tmpdir=/tmp

Activating conda environment: ../conda-envs/700127768fcc9e2970b58b3c8b121fbe_

[Wed Aug  2 10:35:42 2023]
rule alignment_aminogc:
    input: ../../results/07_align_sco/alignments/OG0000711.aln
    output: ../../results/09_species_phylogeny_aminoGC/alignment_pruner/alignments/OG0000711.tsv
    jobid: 87
    reason: Missing output files: ../../results/09_species_phylogeny_aminoGC/alignment_pruner/alignments/OG0000711.tsv
    wildcards: orthogroup=OG0000711
    resources: tmpdir=/tmp

Activating conda environment: ../conda-envs/700127768fcc9e2970b58b3c8b121fbe_

[Wed Aug  2 10:35:42 2023]
rule alignment_aminogc:
    input: ../../results/07_align_sco/alignments/OG0000717.aln
    output: ../../results/09_species_phylogeny_aminoGC/alignment_pruner/alignments/OG0000717.tsv
    jobid: 115
    reason: Missing output files: ../../results/09_species_phylogeny_aminoGC/alignment_pruner/alignments/OG0000717.tsv
    wildcards: orthogroup=OG0000717
    resources: tmpdir=/tmp

Activating conda environment: ../conda-envs/700127768fcc9e2970b58b3c8b121fbe_

[Wed Aug  2 10:35:42 2023]
rule alignment_aminogc:
    input: ../../results/07_align_sco/alignments/OG0000648.aln
    output: ../../results/09_species_phylogeny_aminoGC/alignment_pruner/alignments/OG0000648.tsv
    jobid: 60
    reason: Missing output files: ../../results/09_species_phylogeny_aminoGC/alignment_pruner/alignments/OG0000648.tsv
    wildcards: orthogroup=OG0000648
    resources: tmpdir=/tmp

Activating conda environment: ../conda-envs/700127768fcc9e2970b58b3c8b121fbe_

[Wed Aug  2 10:35:42 2023]
rule alignment_aminogc:
    input: ../../results/07_align_sco/alignments/OG0000723.aln
    output: ../../results/09_species_phylogeny_aminoGC/alignment_pruner/alignments/OG0000723.tsv
    jobid: 74
    reason: Missing output files: ../../results/09_species_phylogeny_aminoGC/alignment_pruner/alignments/OG0000723.tsv
    wildcards: orthogroup=OG0000723
    resources: tmpdir=/tmp

Activating conda environment: ../conda-envs/700127768fcc9e2970b58b3c8b121fbe_

[Wed Aug  2 10:35:42 2023]
rule alignment_aminogc:
    input: ../../results/07_align_sco/alignments/OG0000667.aln
    output: ../../results/09_species_phylogeny_aminoGC/alignment_pruner/alignments/OG0000667.tsv
    jobid: 88
    reason: Missing output files: ../../results/09_species_phylogeny_aminoGC/alignment_pruner/alignments/OG0000667.tsv
    wildcards: orthogroup=OG0000667
    resources: tmpdir=/tmp

Activating conda environment: ../conda-envs/700127768fcc9e2970b58b3c8b121fbe_

[Wed Aug  2 10:35:42 2023]
rule alignment_aminogc:
    input: ../../results/07_align_sco/alignments/OG0000631.aln
    output: ../../results/09_species_phylogeny_aminoGC/alignment_pruner/alignments/OG0000631.tsv
    jobid: 4
    reason: Missing output files: ../../results/09_species_phylogeny_aminoGC/alignment_pruner/alignments/OG0000631.tsv
    wildcards: orthogroup=OG0000631
    resources: tmpdir=/tmp

Activating conda environment: ../conda-envs/700127768fcc9e2970b58b3c8b121fbe_

[Wed Aug  2 10:35:42 2023]
rule alignment_aminogc:
    input: ../../results/07_align_sco/alignments/OG0000642.aln
    output: ../../results/09_species_phylogeny_aminoGC/alignment_pruner/alignments/OG0000642.tsv
    jobid: 32
    reason: Missing output files: ../../results/09_species_phylogeny_aminoGC/alignment_pruner/alignments/OG0000642.tsv
    wildcards: orthogroup=OG0000642
    resources: tmpdir=/tmp

Activating conda environment: ../conda-envs/700127768fcc9e2970b58b3c8b121fbe_

[Wed Aug  2 10:35:42 2023]
rule alignment_aminogc:
    input: ../../results/07_align_sco/alignments/OG0000672.aln
    output: ../../results/09_species_phylogeny_aminoGC/alignment_pruner/alignments/OG0000672.tsv
    jobid: 89
    reason: Missing output files: ../../results/09_species_phylogeny_aminoGC/alignment_pruner/alignments/OG0000672.tsv
    wildcards: orthogroup=OG0000672
    resources: tmpdir=/tmp

Activating conda environment: ../conda-envs/700127768fcc9e2970b58b3c8b121fbe_

[Wed Aug  2 10:35:42 2023]
rule alignment_aminogc:
    input: ../../results/07_align_sco/alignments/OG0000740.aln
    output: ../../results/09_species_phylogeny_aminoGC/alignment_pruner/alignments/OG0000740.tsv
    jobid: 5
    reason: Missing output files: ../../results/09_species_phylogeny_aminoGC/alignment_pruner/alignments/OG0000740.tsv
    wildcards: orthogroup=OG0000740
    resources: tmpdir=/tmp

Activating conda environment: ../conda-envs/700127768fcc9e2970b58b3c8b121fbe_

[Wed Aug  2 10:35:42 2023]
rule alignment_aminogc:
    input: ../../results/07_align_sco/alignments/OG0000710.aln
    output: ../../results/09_species_phylogeny_aminoGC/alignment_pruner/alignments/OG0000710.tsv
    jobid: 33
    reason: Missing output files: ../../results/09_species_phylogeny_aminoGC/alignment_pruner/alignments/OG0000710.tsv
    wildcards: orthogroup=OG0000710
    resources: tmpdir=/tmp

Activating conda environment: ../conda-envs/700127768fcc9e2970b58b3c8b121fbe_

[Wed Aug  2 10:35:42 2023]
rule alignment_aminogc:
    input: ../../results/07_align_sco/alignments/OG0000690.aln
    output: ../../results/09_species_phylogeny_aminoGC/alignment_pruner/alignments/OG0000690.tsv
    jobid: 61
    reason: Missing output files: ../../results/09_species_phylogeny_aminoGC/alignment_pruner/alignments/OG0000690.tsv
    wildcards: orthogroup=OG0000690
    resources: tmpdir=/tmp

Activating conda environment: ../conda-envs/700127768fcc9e2970b58b3c8b121fbe_

[Wed Aug  2 10:35:42 2023]
rule alignment_aminogc:
    input: ../../results/07_align_sco/alignments/OG0000712.aln
    output: ../../results/09_species_phylogeny_aminoGC/alignment_pruner/alignments/OG0000712.tsv
    jobid: 75
    reason: Missing output files: ../../results/09_species_phylogeny_aminoGC/alignment_pruner/alignments/OG0000712.tsv
    wildcards: orthogroup=OG0000712
    resources: tmpdir=/tmp

Activating conda environment: ../conda-envs/700127768fcc9e2970b58b3c8b121fbe_

[Wed Aug  2 10:35:42 2023]
rule alignment_aminogc:
    input: ../../results/07_align_sco/alignments/OG0000787.aln
    output: ../../results/09_species_phylogeny_aminoGC/alignment_pruner/alignments/OG0000787.tsv
    jobid: 90
    reason: Missing output files: ../../results/09_species_phylogeny_aminoGC/alignment_pruner/alignments/OG0000787.tsv
    wildcards: orthogroup=OG0000787
    resources: tmpdir=/tmp

Activating conda environment: ../conda-envs/700127768fcc9e2970b58b3c8b121fbe_

[Wed Aug  2 10:35:42 2023]
rule alignment_aminogc:
    input: ../../results/07_align_sco/alignments/OG0000695.aln
    output: ../../results/09_species_phylogeny_aminoGC/alignment_pruner/alignments/OG0000695.tsv
    jobid: 6
    reason: Missing output files: ../../results/09_species_phylogeny_aminoGC/alignment_pruner/alignments/OG0000695.tsv
    wildcards: orthogroup=OG0000695
    resources: tmpdir=/tmp

Activating conda environment: ../conda-envs/700127768fcc9e2970b58b3c8b121fbe_

[Wed Aug  2 10:35:42 2023]
rule alignment_aminogc:
    input: ../../results/07_align_sco/alignments/OG0000810.aln
    output: ../../results/09_species_phylogeny_aminoGC/alignment_pruner/alignments/OG0000810.tsv
    jobid: 34
    reason: Missing output files: ../../results/09_species_phylogeny_aminoGC/alignment_pruner/alignments/OG0000810.tsv
    wildcards: orthogroup=OG0000810
    resources: tmpdir=/tmp

Activating conda environment: ../conda-envs/700127768fcc9e2970b58b3c8b121fbe_

[Wed Aug  2 10:35:42 2023]
rule alignment_aminogc:
    input: ../../results/07_align_sco/alignments/OG0000654.aln
    output: ../../results/09_species_phylogeny_aminoGC/alignment_pruner/alignments/OG0000654.tsv
    jobid: 62
    reason: Missing output files: ../../results/09_species_phylogeny_aminoGC/alignment_pruner/alignments/OG0000654.tsv
    wildcards: orthogroup=OG0000654
    resources: tmpdir=/tmp

Activating conda environment: ../conda-envs/700127768fcc9e2970b58b3c8b121fbe_

[Wed Aug  2 10:35:42 2023]
rule alignment_aminogc:
    input: ../../results/07_align_sco/alignments/OG0000718.aln
    output: ../../results/09_species_phylogeny_aminoGC/alignment_pruner/alignments/OG0000718.tsv
    jobid: 76
    reason: Missing output files: ../../results/09_species_phylogeny_aminoGC/alignment_pruner/alignments/OG0000718.tsv
    wildcards: orthogroup=OG0000718
    resources: tmpdir=/tmp

Activating conda environment: ../conda-envs/700127768fcc9e2970b58b3c8b121fbe_

[Wed Aug  2 10:35:42 2023]
rule alignment_aminogc:
    input: ../../results/07_align_sco/alignments/OG0000645.aln
    output: ../../results/09_species_phylogeny_aminoGC/alignment_pruner/alignments/OG0000645.tsv
    jobid: 7
    reason: Missing output files: ../../results/09_species_phylogeny_aminoGC/alignment_pruner/alignments/OG0000645.tsv
    wildcards: orthogroup=OG0000645
    resources: tmpdir=/tmp

Activating conda environment: ../conda-envs/700127768fcc9e2970b58b3c8b121fbe_
[Wed Aug  2 10:35:43 2023]
Error in rule alignment_aminogc:
    jobid: 59
    input: ../../results/07_align_sco/alignments/OG0000627.aln
    output: ../../results/09_species_phylogeny_aminoGC/alignment_pruner/alignments/OG0000627.tsv
    conda-env: /data/emil/uabimicrobium_paper/scripts/conda-envs/700127768fcc9e2970b58b3c8b121fbe_
    shell:
        perl alignment_pruner.pl --file ../../results/07_align_sco/alignments/OG0000627.aln --aminogc > ../../results/09_species_phylogeny_aminoGC/alignment_pruner/alignments/OG0000627.tsv
        (one of the commands exited with non-zero exit code; note that snakemake uses bash strict mode!)

Removing output files of failed job alignment_aminogc since they might be corrupted:
../../results/09_species_phylogeny_aminoGC/alignment_pruner/alignments/OG0000627.tsv
[Wed Aug  2 10:35:43 2023]
Error in rule alignment_aminogc:
    jobid: 4
    input: ../../results/07_align_sco/alignments/OG0000631.aln
    output: ../../results/09_species_phylogeny_aminoGC/alignment_pruner/alignments/OG0000631.tsv
    conda-env: /data/emil/uabimicrobium_paper/scripts/conda-envs/700127768fcc9e2970b58b3c8b121fbe_
    shell:
        perl alignment_pruner.pl --file ../../results/07_align_sco/alignments/OG0000631.aln --aminogc > ../../results/09_species_phylogeny_aminoGC/alignment_pruner/alignments/OG0000631.tsv
        (one of the commands exited with non-zero exit code; note that snakemake uses bash strict mode!)

Removing output files of failed job alignment_aminogc since they might be corrupted:
../../results/09_species_phylogeny_aminoGC/alignment_pruner/alignments/OG0000631.tsv
[Wed Aug  2 10:35:43 2023]
Error in rule alignment_aminogc:
    jobid: 31
    input: ../../results/07_align_sco/alignments/OG0000677.aln
    output: ../../results/09_species_phylogeny_aminoGC/alignment_pruner/alignments/OG0000677.tsv
    conda-env: /data/emil/uabimicrobium_paper/scripts/conda-envs/700127768fcc9e2970b58b3c8b121fbe_
    shell:
        perl alignment_pruner.pl --file ../../results/07_align_sco/alignments/OG0000677.aln --aminogc > ../../results/09_species_phylogeny_aminoGC/alignment_pruner/alignments/OG0000677.tsv
        (one of the commands exited with non-zero exit code; note that snakemake uses bash strict mode!)

Removing output files of failed job alignment_aminogc since they might be corrupted:
../../results/09_species_phylogeny_aminoGC/alignment_pruner/alignments/OG0000677.tsv
[Wed Aug  2 10:35:43 2023]
Error in rule alignment_aminogc:
    jobid: 17
    input: ../../results/07_align_sco/alignments/OG0000638.aln
    output: ../../results/09_species_phylogeny_aminoGC/alignment_pruner/alignments/OG0000638.tsv
    conda-env: /data/emil/uabimicrobium_paper/scripts/conda-envs/700127768fcc9e2970b58b3c8b121fbe_
    shell:
        perl alignment_pruner.pl --file ../../results/07_align_sco/alignments/OG0000638.aln --aminogc > ../../results/09_species_phylogeny_aminoGC/alignment_pruner/alignments/OG0000638.tsv
        (one of the commands exited with non-zero exit code; note that snakemake uses bash strict mode!)

Removing output files of failed job alignment_aminogc since they might be corrupted:
../../results/09_species_phylogeny_aminoGC/alignment_pruner/alignments/OG0000638.tsv
[Wed Aug  2 10:35:43 2023]
Error in rule alignment_aminogc:
    jobid: 7
    input: ../../results/07_align_sco/alignments/OG0000645.aln
    output: ../../results/09_species_phylogeny_aminoGC/alignment_pruner/alignments/OG0000645.tsv
    conda-env: /data/emil/uabimicrobium_paper/scripts/conda-envs/700127768fcc9e2970b58b3c8b121fbe_
    shell:
        perl alignment_pruner.pl --file ../../results/07_align_sco/alignments/OG0000645.aln --aminogc > ../../results/09_species_phylogeny_aminoGC/alignment_pruner/alignments/OG0000645.tsv
        (one of the commands exited with non-zero exit code; note that snakemake uses bash strict mode!)

Removing output files of failed job alignment_aminogc since they might be corrupted:
../../results/09_species_phylogeny_aminoGC/alignment_pruner/alignments/OG0000645.tsv
[Wed Aug  2 10:35:43 2023]
Error in rule alignment_aminogc:
    jobid: 87
    input: ../../results/07_align_sco/alignments/OG0000711.aln
    output: ../../results/09_species_phylogeny_aminoGC/alignment_pruner/alignments/OG0000711.tsv
    conda-env: /data/emil/uabimicrobium_paper/scripts/conda-envs/700127768fcc9e2970b58b3c8b121fbe_
    shell:
        perl alignment_pruner.pl --file ../../results/07_align_sco/alignments/OG0000711.aln --aminogc > ../../results/09_species_phylogeny_aminoGC/alignment_pruner/alignments/OG0000711.tsv
        (one of the commands exited with non-zero exit code; note that snakemake uses bash strict mode!)

Removing output files of failed job alignment_aminogc since they might be corrupted:
../../results/09_species_phylogeny_aminoGC/alignment_pruner/alignments/OG0000711.tsv
[Wed Aug  2 10:35:43 2023]
Error in rule alignment_aminogc:
    jobid: 60
    input: ../../results/07_align_sco/alignments/OG0000648.aln
    output: ../../results/09_species_phylogeny_aminoGC/alignment_pruner/alignments/OG0000648.tsv
    conda-env: /data/emil/uabimicrobium_paper/scripts/conda-envs/700127768fcc9e2970b58b3c8b121fbe_
    shell:
        perl alignment_pruner.pl --file ../../results/07_align_sco/alignments/OG0000648.aln --aminogc > ../../results/09_species_phylogeny_aminoGC/alignment_pruner/alignments/OG0000648.tsv
        (one of the commands exited with non-zero exit code; note that snakemake uses bash strict mode!)

Removing output files of failed job alignment_aminogc since they might be corrupted:
../../results/09_species_phylogeny_aminoGC/alignment_pruner/alignments/OG0000648.tsv
[Wed Aug  2 10:35:43 2023]
Error in rule alignment_aminogc:
    jobid: 90
    input: ../../results/07_align_sco/alignments/OG0000787.aln
    output: ../../results/09_species_phylogeny_aminoGC/alignment_pruner/alignments/OG0000787.tsv
    conda-env: /data/emil/uabimicrobium_paper/scripts/conda-envs/700127768fcc9e2970b58b3c8b121fbe_
    shell:
        perl alignment_pruner.pl --file ../../results/07_align_sco/alignments/OG0000787.aln --aminogc > ../../results/09_species_phylogeny_aminoGC/alignment_pruner/alignments/OG0000787.tsv
        (one of the commands exited with non-zero exit code; note that snakemake uses bash strict mode!)

Removing output files of failed job alignment_aminogc since they might be corrupted:
../../results/09_species_phylogeny_aminoGC/alignment_pruner/alignments/OG0000787.tsv
[Wed Aug  2 10:35:43 2023]
Error in rule alignment_aminogc:
    jobid: 45
    input: ../../results/07_align_sco/alignments/OG0000735.aln
    output: ../../results/09_species_phylogeny_aminoGC/alignment_pruner/alignments/OG0000735.tsv
    conda-env: /data/emil/uabimicrobium_paper/scripts/conda-envs/700127768fcc9e2970b58b3c8b121fbe_
    shell:
        perl alignment_pruner.pl --file ../../results/07_align_sco/alignments/OG0000735.aln --aminogc > ../../results/09_species_phylogeny_aminoGC/alignment_pruner/alignments/OG0000735.tsv
        (one of the commands exited with non-zero exit code; note that snakemake uses bash strict mode!)

Removing output files of failed job alignment_aminogc since they might be corrupted:
../../results/09_species_phylogeny_aminoGC/alignment_pruner/alignments/OG0000735.tsv
[Wed Aug  2 10:35:43 2023]
Error in rule alignment_aminogc:
    jobid: 33
    input: ../../results/07_align_sco/alignments/OG0000710.aln
    output: ../../results/09_species_phylogeny_aminoGC/alignment_pruner/alignments/OG0000710.tsv
    conda-env: /data/emil/uabimicrobium_paper/scripts/conda-envs/700127768fcc9e2970b58b3c8b121fbe_
    shell:
        perl alignment_pruner.pl --file ../../results/07_align_sco/alignments/OG0000710.aln --aminogc > ../../results/09_species_phylogeny_aminoGC/alignment_pruner/alignments/OG0000710.tsv
        (one of the commands exited with non-zero exit code; note that snakemake uses bash strict mode!)

Removing output files of failed job alignment_aminogc since they might be corrupted:
../../results/09_species_phylogeny_aminoGC/alignment_pruner/alignments/OG0000710.tsv
[Wed Aug  2 10:35:43 2023]
Error in rule alignment_aminogc:
    jobid: 76
    input: ../../results/07_align_sco/alignments/OG0000718.aln
    output: ../../results/09_species_phylogeny_aminoGC/alignment_pruner/alignments/OG0000718.tsv
    conda-env: /data/emil/uabimicrobium_paper/scripts/conda-envs/700127768fcc9e2970b58b3c8b121fbe_
    shell:
        perl alignment_pruner.pl --file ../../results/07_align_sco/alignments/OG0000718.aln --aminogc > ../../results/09_species_phylogeny_aminoGC/alignment_pruner/alignments/OG0000718.tsv
        (one of the commands exited with non-zero exit code; note that snakemake uses bash strict mode!)

Removing output files of failed job alignment_aminogc since they might be corrupted:
../../results/09_species_phylogeny_aminoGC/alignment_pruner/alignments/OG0000718.tsv
[Wed Aug  2 10:35:43 2023]
Error in rule alignment_aminogc:
    jobid: 62
    input: ../../results/07_align_sco/alignments/OG0000654.aln
    output: ../../results/09_species_phylogeny_aminoGC/alignment_pruner/alignments/OG0000654.tsv
    conda-env: /data/emil/uabimicrobium_paper/scripts/conda-envs/700127768fcc9e2970b58b3c8b121fbe_
    shell:
        perl alignment_pruner.pl --file ../../results/07_align_sco/alignments/OG0000654.aln --aminogc > ../../results/09_species_phylogeny_aminoGC/alignment_pruner/alignments/OG0000654.tsv
        (one of the commands exited with non-zero exit code; note that snakemake uses bash strict mode!)

Removing output files of failed job alignment_aminogc since they might be corrupted:
../../results/09_species_phylogeny_aminoGC/alignment_pruner/alignments/OG0000654.tsv
[Wed Aug  2 10:35:43 2023]
Error in rule alignment_aminogc:
    jobid: 6
    input: ../../results/07_align_sco/alignments/OG0000695.aln
    output: ../../results/09_species_phylogeny_aminoGC/alignment_pruner/alignments/OG0000695.tsv
    conda-env: /data/emil/uabimicrobium_paper/scripts/conda-envs/700127768fcc9e2970b58b3c8b121fbe_
    shell:
        perl alignment_pruner.pl --file ../../results/07_align_sco/alignments/OG0000695.aln --aminogc > ../../results/09_species_phylogeny_aminoGC/alignment_pruner/alignments/OG0000695.tsv
        (one of the commands exited with non-zero exit code; note that snakemake uses bash strict mode!)

Removing output files of failed job alignment_aminogc since they might be corrupted:
../../results/09_species_phylogeny_aminoGC/alignment_pruner/alignments/OG0000695.tsv
[Wed Aug  2 10:35:43 2023]
Error in rule alignment_aminogc:
    jobid: 34
    input: ../../results/07_align_sco/alignments/OG0000810.aln
    output: ../../results/09_species_phylogeny_aminoGC/alignment_pruner/alignments/OG0000810.tsv
    conda-env: /data/emil/uabimicrobium_paper/scripts/conda-envs/700127768fcc9e2970b58b3c8b121fbe_
    shell:
        perl alignment_pruner.pl --file ../../results/07_align_sco/alignments/OG0000810.aln --aminogc > ../../results/09_species_phylogeny_aminoGC/alignment_pruner/alignments/OG0000810.tsv
        (one of the commands exited with non-zero exit code; note that snakemake uses bash strict mode!)

Removing output files of failed job alignment_aminogc since they might be corrupted:
../../results/09_species_phylogeny_aminoGC/alignment_pruner/alignments/OG0000810.tsv
[Wed Aug  2 10:35:43 2023]
Error in rule alignment_aminogc:
    jobid: 3
    input: ../../results/07_align_sco/alignments/OG0000771.aln
    output: ../../results/09_species_phylogeny_aminoGC/alignment_pruner/alignments/OG0000771.tsv
    conda-env: /data/emil/uabimicrobium_paper/scripts/conda-envs/700127768fcc9e2970b58b3c8b121fbe_
    shell:
        perl alignment_pruner.pl --file ../../results/07_align_sco/alignments/OG0000771.aln --aminogc > ../../results/09_species_phylogeny_aminoGC/alignment_pruner/alignments/OG0000771.tsv
        (one of the commands exited with non-zero exit code; note that snakemake uses bash strict mode!)

Removing output files of failed job alignment_aminogc since they might be corrupted:
../../results/09_species_phylogeny_aminoGC/alignment_pruner/alignments/OG0000771.tsv
[Wed Aug  2 10:35:43 2023]
Error in rule alignment_aminogc:
    jobid: 74
    input: ../../results/07_align_sco/alignments/OG0000723.aln
    output: ../../results/09_species_phylogeny_aminoGC/alignment_pruner/alignments/OG0000723.tsv
    conda-env: /data/emil/uabimicrobium_paper/scripts/conda-envs/700127768fcc9e2970b58b3c8b121fbe_
    shell:
        perl alignment_pruner.pl --file ../../results/07_align_sco/alignments/OG0000723.aln --aminogc > ../../results/09_species_phylogeny_aminoGC/alignment_pruner/alignments/OG0000723.tsv
        (one of the commands exited with non-zero exit code; note that snakemake uses bash strict mode!)

Removing output files of failed job alignment_aminogc since they might be corrupted:
../../results/09_species_phylogeny_aminoGC/alignment_pruner/alignments/OG0000723.tsv
[Wed Aug  2 10:35:43 2023]
Error in rule alignment_aminogc:
    jobid: 88
    input: ../../results/07_align_sco/alignments/OG0000667.aln
    output: ../../results/09_species_phylogeny_aminoGC/alignment_pruner/alignments/OG0000667.tsv
    conda-env: /data/emil/uabimicrobium_paper/scripts/conda-envs/700127768fcc9e2970b58b3c8b121fbe_
    shell:
        perl alignment_pruner.pl --file ../../results/07_align_sco/alignments/OG0000667.aln --aminogc > ../../results/09_species_phylogeny_aminoGC/alignment_pruner/alignments/OG0000667.tsv
        (one of the commands exited with non-zero exit code; note that snakemake uses bash strict mode!)

Removing output files of failed job alignment_aminogc since they might be corrupted:
../../results/09_species_phylogeny_aminoGC/alignment_pruner/alignments/OG0000667.tsv
[Wed Aug  2 10:35:43 2023]
Error in rule alignment_aminogc:
    jobid: 115
    input: ../../results/07_align_sco/alignments/OG0000717.aln
    output: ../../results/09_species_phylogeny_aminoGC/alignment_pruner/alignments/OG0000717.tsv
    conda-env: /data/emil/uabimicrobium_paper/scripts/conda-envs/700127768fcc9e2970b58b3c8b121fbe_
    shell:
        perl alignment_pruner.pl --file ../../results/07_align_sco/alignments/OG0000717.aln --aminogc > ../../results/09_species_phylogeny_aminoGC/alignment_pruner/alignments/OG0000717.tsv
        (one of the commands exited with non-zero exit code; note that snakemake uses bash strict mode!)

Removing output files of failed job alignment_aminogc since they might be corrupted:
../../results/09_species_phylogeny_aminoGC/alignment_pruner/alignments/OG0000717.tsv
[Wed Aug  2 10:35:43 2023]
Error in rule alignment_aminogc:
    jobid: 5
    input: ../../results/07_align_sco/alignments/OG0000740.aln
    output: ../../results/09_species_phylogeny_aminoGC/alignment_pruner/alignments/OG0000740.tsv
    conda-env: /data/emil/uabimicrobium_paper/scripts/conda-envs/700127768fcc9e2970b58b3c8b121fbe_
    shell:
        perl alignment_pruner.pl --file ../../results/07_align_sco/alignments/OG0000740.aln --aminogc > ../../results/09_species_phylogeny_aminoGC/alignment_pruner/alignments/OG0000740.tsv
        (one of the commands exited with non-zero exit code; note that snakemake uses bash strict mode!)

Removing output files of failed job alignment_aminogc since they might be corrupted:
../../results/09_species_phylogeny_aminoGC/alignment_pruner/alignments/OG0000740.tsv
[Wed Aug  2 10:35:43 2023]
Error in rule alignment_aminogc:
    jobid: 32
    input: ../../results/07_align_sco/alignments/OG0000642.aln
    output: ../../results/09_species_phylogeny_aminoGC/alignment_pruner/alignments/OG0000642.tsv
    conda-env: /data/emil/uabimicrobium_paper/scripts/conda-envs/700127768fcc9e2970b58b3c8b121fbe_
    shell:
        perl alignment_pruner.pl --file ../../results/07_align_sco/alignments/OG0000642.aln --aminogc > ../../results/09_species_phylogeny_aminoGC/alignment_pruner/alignments/OG0000642.tsv
        (one of the commands exited with non-zero exit code; note that snakemake uses bash strict mode!)

Removing output files of failed job alignment_aminogc since they might be corrupted:
../../results/09_species_phylogeny_aminoGC/alignment_pruner/alignments/OG0000642.tsv
[Wed Aug  2 10:35:43 2023]
Error in rule alignment_aminogc:
    jobid: 73
    input: ../../results/07_align_sco/alignments/OG0000688.aln
    output: ../../results/09_species_phylogeny_aminoGC/alignment_pruner/alignments/OG0000688.tsv
    conda-env: /data/emil/uabimicrobium_paper/scripts/conda-envs/700127768fcc9e2970b58b3c8b121fbe_
    shell:
        perl alignment_pruner.pl --file ../../results/07_align_sco/alignments/OG0000688.aln --aminogc > ../../results/09_species_phylogeny_aminoGC/alignment_pruner/alignments/OG0000688.tsv
        (one of the commands exited with non-zero exit code; note that snakemake uses bash strict mode!)

Removing output files of failed job alignment_aminogc since they might be corrupted:
../../results/09_species_phylogeny_aminoGC/alignment_pruner/alignments/OG0000688.tsv
[Wed Aug  2 10:35:43 2023]
Error in rule alignment_aminogc:
    jobid: 61
    input: ../../results/07_align_sco/alignments/OG0000690.aln
    output: ../../results/09_species_phylogeny_aminoGC/alignment_pruner/alignments/OG0000690.tsv
    conda-env: /data/emil/uabimicrobium_paper/scripts/conda-envs/700127768fcc9e2970b58b3c8b121fbe_
    shell:
        perl alignment_pruner.pl --file ../../results/07_align_sco/alignments/OG0000690.aln --aminogc > ../../results/09_species_phylogeny_aminoGC/alignment_pruner/alignments/OG0000690.tsv
        (one of the commands exited with non-zero exit code; note that snakemake uses bash strict mode!)

Removing output files of failed job alignment_aminogc since they might be corrupted:
../../results/09_species_phylogeny_aminoGC/alignment_pruner/alignments/OG0000690.tsv
[Wed Aug  2 10:35:43 2023]
Error in rule alignment_aminogc:
    jobid: 75
    input: ../../results/07_align_sco/alignments/OG0000712.aln
    output: ../../results/09_species_phylogeny_aminoGC/alignment_pruner/alignments/OG0000712.tsv
    conda-env: /data/emil/uabimicrobium_paper/scripts/conda-envs/700127768fcc9e2970b58b3c8b121fbe_
    shell:
        perl alignment_pruner.pl --file ../../results/07_align_sco/alignments/OG0000712.aln --aminogc > ../../results/09_species_phylogeny_aminoGC/alignment_pruner/alignments/OG0000712.tsv
        (one of the commands exited with non-zero exit code; note that snakemake uses bash strict mode!)

Removing output files of failed job alignment_aminogc since they might be corrupted:
../../results/09_species_phylogeny_aminoGC/alignment_pruner/alignments/OG0000712.tsv
[Wed Aug  2 10:35:44 2023]
Error in rule alignment_aminogc:
    jobid: 89
    input: ../../results/07_align_sco/alignments/OG0000672.aln
    output: ../../results/09_species_phylogeny_aminoGC/alignment_pruner/alignments/OG0000672.tsv
    conda-env: /data/emil/uabimicrobium_paper/scripts/conda-envs/700127768fcc9e2970b58b3c8b121fbe_
    shell:
        perl alignment_pruner.pl --file ../../results/07_align_sco/alignments/OG0000672.aln --aminogc > ../../results/09_species_phylogeny_aminoGC/alignment_pruner/alignments/OG0000672.tsv
        (one of the commands exited with non-zero exit code; note that snakemake uses bash strict mode!)

Removing output files of failed job alignment_aminogc since they might be corrupted:
../../results/09_species_phylogeny_aminoGC/alignment_pruner/alignments/OG0000672.tsv
Shutting down, this might take some time.
Exiting because a job execution failed. Look above for error message
Complete log: .snakemake/log/2023-08-02T103540.234243.snakemake.log
